2019-12-18 07:22:48      Execution started.
2019-12-18 07:22:48      Qlik Sense Server Version     12.334.4
2019-12-18 07:22:48      CPU Target                    x64
2019-12-18 07:22:48      Operating System              Windows Server 2012 R2 Standard  (64 bit edition)
2019-12-18 07:22:48      Wow64 mode                    Not using Wow64
2019-12-18 07:22:48      Language                      0409 English English
2019-12-18 07:22:48      Country                       USA United States United States
2019-12-18 07:22:48      MDAC Version                  6.3.9600.16384
2019-12-18 07:22:48      MDAC Full Install Version     6.3.9600.16384
2019-12-18 07:22:48      PreferredCompression          2
2019-12-18 07:22:48      EnableParallelReload          1
2019-12-18 07:22:48      ParallelizeQvdLoads           1
2019-12-18 07:22:48      AutoSaveAfterReload           0
2019-12-18 07:22:48      BackupBeforeReload            0
2019-12-18 07:22:48      EnableFlushLog                0
2019-12-18 07:22:48      UserLogfileCharset            65001
2019-12-18 07:22:48      OdbcLoginTimeout              -1
2019-12-18 07:22:48      OdbcConnectionTimeout         -1
2019-12-18 07:22:48      LongestPossibleLine           1048576
2019-12-18 07:22:48      MaxCoreMask                   -1
2019-12-18 07:22:48      WebFileTimeout                0
2019-12-18 07:22:48      WebFileUserAgent              Mozilla/5.0
2019-12-18 07:22:48      DontUseInternetCache          1
2019-12-18 07:22:48      ScriptWantsDbWrite            false
2019-12-18 07:22:48      ScriptWantsExe                false
2019-12-18 07:22:48      ICU_FOR_CHARACTER_CLASSIFICATION true
2019-12-18 07:22:48      ICU_FOR_CODE_PAGES            true
2019-12-18 07:22:48      ICU_FOR_COLLATION             true
2019-12-18 07:22:48      ICU_FOR_LOCALE_INFO           true
2019-12-18 07:22:48      ICU_FOR_SUPPORT_INFO          true
2019-12-18 07:22:48      ICU_FOR_TIME_ZONE_INFO        true
2019-12-18 07:22:48      LogFile CodePage Used:        65001
2019-12-18 07:22:48      UseMemoryFillPattern          1
2019-12-18 07:22:48      ScriptMode                    Standard (limits system access)
2019-12-18 07:22:48      SequentialThreadCount         170
2019-12-18 07:22:48      NumberOfCores (effective)     56
2019-12-18 07:22:48      ReloadCodebase                Bnf
2019-12-18 07:22:49      Reload ID                     06483203-c233-4f23-ad3c-cc150589596c
2019-12-18 07:22:49      Reload Executed By            UserDirectory=INTERNAL; UserId=sa_scheduler
2019-12-18 07:22:49      Process Executing             Qlik Sense Server
2019-12-18 07:22:49      Process ID                    7136
2019-12-18 07:22:49      Grpc version                  5.0.0
2019-12-18 07:22:49      Protobuf version              3.4.0
2019-12-18 07:22:49 0004 Binary [lib://Apps/d664619f-6291-4a39-b4a5-303a39c76d86]
2019-12-18 07:23:48 0009 SET vSiteName = 'sp5_sc_sc_211_qlik'
2019-12-18 07:23:48 0012 SET vSVNConnection = 'qliksense'
2019-12-18 07:23:48 0013 SET vSVNSiteFolder = 'SiteInformation'
2019-12-18 07:23:48 0014 SET vSVNFolder = 'BETA_SECURITY_TEST\Security'
2019-12-18 07:23:48 0015 SET vDBname = 'sp5_sc_sc_211_qlik'
2019-12-18 07:23:48 0014 SET vConnection = ['sp5_sc_sc_211_qlik']
2019-12-18 07:23:48 0002 LET vStartTime = now()
2019-12-18 07:23:48 0003 SET ThousandSep=','
2019-12-18 07:23:48 0002 SET DecimalSep='.'
2019-12-18 07:23:48 0003 SET MoneyThousandSep=','
2019-12-18 07:23:48 0004 SET MoneyDecimalSep='.'
2019-12-18 07:23:48 0005 SET MoneyFormat='$#,##0.00;($#,##0.00)'
2019-12-18 07:23:48 0006 SET TimeFormat='h:mm:ss TT'
2019-12-18 07:23:48 0007 SET DateFormat='M/D/YYYY'
2019-12-18 07:23:48 0008 SET TimestampFormat='M/D/YYYY h:mm:ss[.fff] TT'
2019-12-18 07:23:48 0009 SET FirstWeekDay=6
2019-12-18 07:23:48 0010 SET BrokenWeeks=1
2019-12-18 07:23:48 0011 SET ReferenceDay=0
2019-12-18 07:23:48 0012 SET FirstMonthOfYear=1
2019-12-18 07:23:48 0013 SET CollationLocale='en-US'
2019-12-18 07:23:48 0015 SET MonthNames='Jan;Feb;Mar;Apr;May;Jun;Jul;Aug;Sep;Oct;Nov;Dec'
2019-12-18 07:23:48 0016 SET LongMonthNames='January;February;March;April;May;June;July;August;September;October;November;December'
2019-12-18 07:23:48 0017 SET DayNames='Mon;Tue;Wed;Thu;Fri;Sat;Sun'
2019-12-18 07:23:48 0018 SET LongDayNames='Monday;Tuesday;Wednesday;Thursday;Friday;Saturday;Sunday'
2019-12-18 07:23:48 0025 LIB CONNECT TO 'sp5_sc_sc_211_qlik'
2019-12-18 07:23:50 0027 SET vConnection = 'SPData_Beta'
2019-12-18 07:23:50 0028 SET vQVDType = 'Extract'
2019-12-18 07:23:50 0029 LET vQVDTypePrefix = left(vQVDType, 1)
2019-12-18 07:23:50 0030 LET vFilenamePrefix = vQVDTypePrefix & '_' & upper(vDBname)
2019-12-18 07:23:50 0031 SET vQVDTransformType = 'Transform'
2019-12-18 07:23:50 0032 SET vStoreConnection = 'SPData_Beta'
2019-12-18 07:23:50 0033 SET vQVDStoreType = 'Security'
2019-12-18 07:23:50 0034 LET vStoreQVDTypePrefix = left(vQVDStoreType, 1)
2019-12-18 07:23:50 0036 LET vNumDateSet = num('2015-01-01')
2019-12-18 07:23:50 0038 LET vEntryExitDate = ('2015-01-01')
2019-12-18 07:23:50 0040 LET vCallRecordDate = ('2015-01-01')
2019-12-18 07:23:50 0004 USER:
2019-12-18 07:23:50 0005 select DISTINCT u1.username,e.user_id, p.provider_id from sp_user_eda_group e JOIN sp_eda_group_provider_tree p ON (e.eda_group_id = p.eda_group_id)
2019-12-18 07:23:50 0006 join sp_user u1 on e.user_id = u1.user_id
2019-12-18 07:23:50 0007 where u1.active = true
2019-12-18 07:23:50 0008   AND u1.username <> 'SVPDELETED'
2019-12-18 07:23:50 0009   and length(trim(u1.username)) > 0
2019-12-18 07:23:50 0010 UNION 
2019-12-18 07:23:50 0011 select DISTINCT u.username,u.user_id, u.provider_id from sp_user u
2019-12-18 07:23:50 0012 where u.active = true
2019-12-18 07:23:50 0013   AND u.username <> 'SVPDELETED'
2019-12-18 07:23:50 0014   and length(trim(u.username)) > 0
2019-12-18 07:23:53      	3 fields found: username, user_id, provider_id, 
2019-12-18 07:23:53      481,763 lines fetched
2019-12-18 07:23:53 0013 visibility_group_provider:
2019-12-18 07:23:53 0014 LEFT JOIN(USER)
2019-12-18 07:23:53 0015 LOAD
2019-12-18 07:23:53 0016     visibility_group_id,
2019-12-18 07:23:53 0017     provider_id
2019-12-18 07:23:53 0018 FROM [lib://SPData_Beta/Extract/sp5_sc_sc_211_qlik/E_SP5_SC_SC_211_QLIK_SP_VISIBILITY_GROUP_PROVIDER_TREE.qvd]
2019-12-18 07:23:53 0019 (qvd)
2019-12-18 07:23:53      	2 fields found: visibility_group_id, provider_id, 
2019-12-18 07:23:53      69,676 lines fetched
2019-12-18 07:23:53      Joining/Keeping
2019-12-18 07:23:54 0021 USER_GROUP:
2019-12-18 07:23:54 0022 LOAD Distinct
2019-12-18 07:23:54 0023 	user_id,
2019-12-18 07:23:54 0024 	UPPER('ICOUNT' & '\' & username & '_' & user_id & '_' & provider_id) AS USERID,
2019-12-18 07:23:54 0025 	
2019-12-18 07:23:54 0026     provider_id,
2019-12-18 07:23:54 0027     visibility_group_id
2019-12-18 07:23:54 0028 RESIDENT USER
2019-12-18 07:24:01      	4 fields found: user_id, USERID, provider_id, visibility_group_id, 
2019-12-18 07:24:01      2,159,945 lines fetched
2019-12-18 07:24:01 0029 DROP TABLE USER
2019-12-18 07:24:02 0005 RECENT_CLIENT_tmp:
2019-12-18 07:24:02 0006 SELECT DISTINCT ee.client_id FROM sp_entry_exit ee
2019-12-18 07:24:02 0007   WHERE ((ee.exit_date IS NULL) OR (ee.exit_date >= '01/01/2015'))
2019-12-18 07:24:02 0008 UNION
2019-12-18 07:24:02 0009 SELECT distinct srv.client_id FROM sp_need_service srv
2019-12-18 07:24:02 0010   where (srv.client_id IS NOT NULL) AND
2019-12-18 07:24:02 0011         ((srv.provide_start_date >= '01/01/2015')
2019-12-18 07:24:02 0012           OR (srv.provide_end_date >= '01/01/2015')
2019-12-18 07:24:02 0013           OR ((srv.provide_end_date IS NULL) AND (srv.shelter_item = TRUE))
2019-12-18 07:24:02 0014           OR (srv.refer_date >= '01/01/2015')
2019-12-18 07:24:02 0015         )
2019-12-18 07:24:02 0016 UNION
2019-12-18 07:24:02 0017 SELECT DISTINCT n.client_id FROM sp_need n WHERE (n.client_id IS NOT NULL) and (n.date_set >= '01/01/2015')
2019-12-18 07:24:02 0018 UNION
2019-12-18 07:24:02 0019 SELECT DISTINCT g.client_id FROM sp_goal g WHERE (g.date_set >= '01/01/2015')
2019-12-18 07:24:02 0020 UNION
2019-12-18 07:24:02 0021 SELECT DISTINCT g.client_id FROM sp_goal_actionstep g WHERE (g.date_set >= '01/01/2015')
2019-12-18 07:24:02 0022 UNION
2019-12-18 07:24:02 0023 SELECT DISTINCT a.client_id FROM da_answer a WHERE (a.date_effective >= '01/01/2015')
2019-12-18 07:24:02 0024 UNION
2019-12-18 07:24:02 0025 SELECT DISTINCT a.client_id FROM da_recordset a WHERE (a.date_effective >= '01/01/2015')
2019-12-18 07:24:02 0026 UNION
2019-12-18 07:24:02 0027 SELECT DISTINCT c.client_id FROM sp_call_record c 
2019-12-18 07:24:02 0028   WHERE (c.client_id IS NOT NULL) AND ((c.end_date IS NULL) OR (c.end_date >= '01/01/2015'))
2019-12-18 07:24:11      	1 fields found: client_id, 
2019-12-18 07:24:11      149,086 lines fetched
2019-12-18 07:24:11 0006 Client_Group:
2019-12-18 07:24:11 0007 LOAD DISTINCT 
2019-12-18 07:24:11 0008  	provider_id,
2019-12-18 07:24:11 0009     visibility_group_id
2019-12-18 07:24:11 0010 RESIDENT USER_GROUP
2019-12-18 07:24:12      	2 fields found: provider_id, visibility_group_id, 
2019-12-18 07:24:12      69,676 lines fetched
2019-12-18 07:24:12 0009 Client_tmp:
2019-12-18 07:24:12 0010 LOAD
2019-12-18 07:24:12 0011     client_id,
2019-12-18 07:24:12 0012     active
2019-12-18 07:24:12 0013 FROM [lib://SPData_Beta/Extract/sp5_sc_sc_211_qlik/E_SP5_SC_SC_211_QLIK_SP_CLIENT.qvd]
2019-12-18 07:24:12 0014 (qvd)
2019-12-18 07:24:13      	2 fields found: client_id, active, 
2019-12-18 07:24:13      318,523 lines fetched
2019-12-18 07:24:13 0016 Client:
2019-12-18 07:24:13 0017 NOCONCATENATE
2019-12-18 07:24:13 0018 LOAD
2019-12-18 07:24:13 0019 	client_id
2019-12-18 07:24:13 0020 RESIDENT Client_tmp
2019-12-18 07:24:13 0021 WHERE match(active, 1)
2019-12-18 07:24:14      	1 fields found: client_id, 
2019-12-18 07:24:14      284,186 lines fetched
2019-12-18 07:24:14 0023 DROP TABLE Client_tmp
2019-12-18 07:24:14 0026 keep_only_recent_clients_tmp:
2019-12-18 07:24:14 0027 INNER JOIN (Client)
2019-12-18 07:24:14 0028 LOAD
2019-12-18 07:24:14 0029 	client_id
2019-12-18 07:24:14 0030 RESIDENT RECENT_CLIENT_tmp
2019-12-18 07:24:14      	1 fields found: client_id, 
2019-12-18 07:24:14      149,086 lines fetched
2019-12-18 07:24:14      Joining/Keeping
2019-12-18 07:24:14 0034 client_visibility_tmp:
2019-12-18 07:24:14 0035 INNER JOIN (Client)
2019-12-18 07:24:14 0036 LOAD
2019-12-18 07:24:14 0037 
2019-12-18 07:24:14 0038     client_id,
2019-12-18 07:24:14 0039     visibility_group_id,
2019-12-18 07:24:14 0040     visible
2019-12-18 07:24:14 0041 FROM [lib://SPData_Beta/Extract/sp5_sc_sc_211_qlik/E_SP5_SC_SC_211_QLIK_SP_CLIENTVISIBILITY.qvd]
2019-12-18 07:24:14 0042 (qvd)
2019-12-18 07:24:15      	3 fields found: client_id, visibility_group_id, visible, 
2019-12-18 07:24:15      475,919 lines fetched
2019-12-18 07:24:15      Joining/Keeping
2019-12-18 07:24:16 0044 Client_visibility:
2019-12-18 07:24:16 0045 LEFT JOIN (Client_Group)
2019-12-18 07:24:16 0046 LOAD DISTINCT
2019-12-18 07:24:16 0047     visibility_group_id,
2019-12-18 07:24:16 0048     visible,
2019-12-18 07:24:16 0049     client_id
2019-12-18 07:24:16 0050 RESIDENT Client
2019-12-18 07:24:16      	3 fields found: visibility_group_id, visible, client_id, 
2019-12-18 07:24:16      172,025 lines fetched
2019-12-18 07:24:16      Joining/Keeping
2019-12-18 07:43:57 0052 DROP TABLE Client
2019-12-18 07:44:00 0054 Visible:
2019-12-18 07:44:00 0055 Load DISTINCT
2019-12-18 07:44:00 0056 	provider_id,
2019-12-18 07:44:00 0057     client_id,
2019-12-18 07:44:00 0058     1 AS Visible
2019-12-18 07:44:00 0059 RESIDENT Client_Group
2019-12-18 07:44:00 0060 WHERE visible = 1
2019-12-18 08:13:24      	3 fields found: provider_id, client_id, Visible, 
2019-12-18 08:13:24      2,134,667,579 lines fetched
2019-12-18 08:13:25 0062 not_Visible:
2019-12-18 08:13:25 0063 LEFT JOIN(Visible)
2019-12-18 08:13:25 0064 Load DISTINCT
2019-12-18 08:13:25 0065 	provider_id,
2019-12-18 08:13:25 0066     client_id,
2019-12-18 08:13:25 0067     1 AS not_Visible
2019-12-18 08:13:25 0068 RESIDENT Client_Group
2019-12-18 08:13:25 0069 WHERE visible = 0
2019-12-18 09:03:52      	3 fields found: provider_id, client_id, not_Visible, 
2019-12-18 09:03:52      27,984 lines fetched
2019-12-18 09:03:52      Joining/Keeping
2019-12-18 09:12:51 0071 DROP TABLE Client_Group
2019-12-18 09:12:53 0073 client_visibility:
2019-12-18 09:12:53 0074 NOCONCATENATE
2019-12-18 09:12:53 0075 LOAD DISTINCT
2019-12-18 09:12:53 0076 	provider_id,
2019-12-18 09:12:53 0077 	client_id AS [Client Id]
2019-12-18 09:12:53 0078 RESIDENT Visible
2019-12-18 09:12:53 0079 WHERE match(Visible, 1)  AND isNull(not_Visible)
2019-12-18 09:26:52      	2 fields found: provider_id, Client Id, 
2019-12-18 09:26:52      2,134,639,595 lines fetched
2019-12-18 09:26:52 0081 DROP TABLE Visible
2019-12-18 09:26:54 0083 client_tmp:
2019-12-18 09:26:54 0084 LEFT JOIN(client_visibility)
2019-12-18 09:26:54 0085 LOAD
2019-12-18 09:26:54 0086     [Client Id],
2019-12-18 09:26:54 0087     [Client Provider Created By Id]
2019-12-18 09:26:54 0088 FROM [lib://SPData_Beta/Transform/sp5_sc_sc_211_qlik/E_DIM_Client.qvd]
2019-12-18 09:26:54 0089 (qvd)
2019-12-18 09:26:56      	2 fields found: Client Id, Client Provider Created By Id, 
2019-12-18 09:26:56      995,858 lines fetched
2019-12-18 09:26:56      Joining/Keeping
2019-12-18 09:43:21 0007 Entry_Exit_Group:
2019-12-18 09:43:21 0008 LOAD DISTINCT 
2019-12-18 09:43:21 0009  	provider_id,
2019-12-18 09:43:21 0010     visibility_group_id
2019-12-18 09:43:21 0011 RESIDENT USER_GROUP
2019-12-18 09:43:23      	2 fields found: provider_id, visibility_group_id, 
2019-12-18 09:43:23      69,676 lines fetched
2019-12-18 09:43:24 0007 Entry_Exit_tmp:
2019-12-18 09:43:24 0008 LOAD
2019-12-18 09:43:24 0009     entry_exit_id,
2019-12-18 09:43:24 0010     active
2019-12-18 09:43:24 0011 FROM [lib://SPData_Beta/Extract/sp5_sc_sc_211_qlik/E_SP5_SC_SC_211_QLIK_SP_ENTRY_EXIT.qvd]
2019-12-18 09:43:24 0012 (qvd)
2019-12-18 09:43:24 0013 WHERE (isNull(num(exit_date)) OR (num(exit_date) >= '42005')) AND (covered_by_roi = 1)
2019-12-18 09:43:26      	2 fields found: entry_exit_id, active, 
2019-12-18 09:43:26      200,249 lines fetched
2019-12-18 09:43:26 0015 Entry_Exit:
2019-12-18 09:43:26 0016 NOCONCATENATE
2019-12-18 09:43:26 0017 LOAD
2019-12-18 09:43:26 0018 	entry_exit_id
2019-12-18 09:43:26 0019 RESIDENT Entry_Exit_tmp
2019-12-18 09:43:26 0020 WHERE match(active, 1)
2019-12-18 09:43:26      	1 fields found: entry_exit_id, 
2019-12-18 09:43:26      200,249 lines fetched
2019-12-18 09:43:27 0022 DROP TABLE Entry_Exit_tmp
2019-12-18 09:43:27 0025 enrty_exit_visibility_tmp:
2019-12-18 09:43:27 0026 INNER JOIN (Entry_Exit)
2019-12-18 09:43:27 0027 LOAD
2019-12-18 09:43:27 0028     entry_exit_id,
2019-12-18 09:43:27 0029     visibility_group_id,
2019-12-18 09:43:27 0030     visible
2019-12-18 09:43:27 0031 FROM [lib://SPData_Beta/Extract/sp5_sc_sc_211_qlik/E_SP5_SC_SC_211_QLIK_SP_ENTRY_EXITVISIBILITY.qvd]
2019-12-18 09:43:27 0032 (qvd)
2019-12-18 09:43:29      	3 fields found: entry_exit_id, visibility_group_id, visible, 
2019-12-18 09:43:29      900,759 lines fetched
2019-12-18 09:43:29      Joining/Keeping
2019-12-18 09:43:30 0034 Entry_Exit_visibility:
2019-12-18 09:43:30 0035 LEFT JOIN (Entry_Exit_Group)
2019-12-18 09:43:30 0036 LOAD DISTINCT
2019-12-18 09:43:30 0037     visibility_group_id,
2019-12-18 09:43:30 0038     visible,
2019-12-18 09:43:30 0039     entry_exit_id
2019-12-18 09:43:30 0040 RESIDENT Entry_Exit
2019-12-18 09:43:31      	3 fields found: visibility_group_id, visible, entry_exit_id, 
2019-12-18 09:43:31      309,485 lines fetched
2019-12-18 09:43:31      Joining/Keeping
2019-12-18 09:50:58 0042 DROP TABLE Entry_Exit
2019-12-18 09:51:03 0044 Visible:
2019-12-18 09:51:03 0045 Load DISTINCT
2019-12-18 09:51:03 0046 	provider_id,
2019-12-18 09:51:03 0047     entry_exit_id,
2019-12-18 09:51:03 0048     1 AS Visible
2019-12-18 09:51:03 0049 RESIDENT Entry_Exit_Group
2019-12-18 09:51:03 0050 WHERE visible = 1
2019-12-18 10:06:06      	3 fields found: provider_id, entry_exit_id, Visible, 
2019-12-18 10:06:06      2,184,676,559 lines fetched
2019-12-18 10:06:07 0052 not_Visible:
2019-12-18 10:06:07 0053 LEFT JOIN(Visible)
2019-12-18 10:06:07 0054 Load DISTINCT
2019-12-18 10:06:07 0055 	provider_id,
2019-12-18 10:06:07 0056     entry_exit_id,
2019-12-18 10:06:07 0057     1 AS not_Visible
2019-12-18 10:06:07 0058 RESIDENT Entry_Exit_Group
2019-12-18 10:06:07 0059 WHERE visible = 0
2019-12-18 10:57:57      	3 fields found: provider_id, entry_exit_id, not_Visible, 
2019-12-18 10:57:57      2,584 lines fetched
2019-12-18 10:57:57      Joining/Keeping
2019-12-18 11:12:24 0061 DROP TABLE Entry_Exit_Group
2019-12-18 11:12:29 0063 Entry_Exit_visibility:
2019-12-18 11:12:29 0064 NOCONCATENATE
2019-12-18 11:12:29 0065 LOAD DISTINCT
2019-12-18 11:12:29 0066 	provider_id,
2019-12-18 11:12:29 0067 	entry_exit_id AS [Entry Exit Id]
2019-12-18 11:12:29 0068 RESIDENT Visible
2019-12-18 11:12:29 0069 WHERE match(Visible, 1)  AND isNull(not_Visible)
2019-12-18 11:29:13      	2 fields found: provider_id, Entry Exit Id, 
2019-12-18 11:29:13      2,184,675,357 lines fetched
2019-12-18 11:29:13 0071 DROP TABLE Visible
2019-12-18 11:29:15 0074 LEFT JOIN(Entry_Exit_visibility)
2019-12-18 11:29:15 0075 LOAD
2019-12-18 11:29:15 0076     [Entry Exit Id],
2019-12-18 11:29:15 0077     [Entry Exit Provider Created By Id],
2019-12-18 11:29:15 0078 	%EEClientId
2019-12-18 11:29:15 0079 FROM [lib://SPData_Beta/Transform/sp5_sc_sc_211_qlik/E_DIM_Entry_Exit.qvd]
2019-12-18 11:29:15 0080 (qvd)
2019-12-18 11:29:17      	3 fields found: Entry Exit Id, Entry Exit Provider Created By Id, %EEClientId, 
2019-12-18 11:29:17      2,341,505 lines fetched
2019-12-18 11:29:17      Joining/Keeping
2019-12-18 13:23:21 0008 Case_Manager_Group:
2019-12-18 13:23:21 0009 LOAD DISTINCT 
2019-12-18 13:23:21 0010  	provider_id,
2019-12-18 13:23:21 0011     visibility_group_id
2019-12-18 13:23:21 0012 RESIDENT USER_GROUP
2019-12-18 13:23:22      	2 fields found: provider_id, visibility_group_id, 
2019-12-18 13:23:22      69,676 lines fetched
2019-12-18 13:23:22 0007 Case_Manager_tmp:
2019-12-18 13:23:22 0008 LOAD
2019-12-18 13:23:22 0009     case_manager_id,
2019-12-18 13:23:22 0010     active,
2019-12-18 13:23:22 0011 	client_id
2019-12-18 13:23:22 0012 FROM [lib://SPData_Beta/Extract/sp5_sc_sc_211_qlik/E_SP5_SC_SC_211_QLIK_SP_CASE_MANAGER.qvd]
2019-12-18 13:23:22 0013 (qvd)
2019-12-18 13:23:22 0014 WHERE (isNull(num(date_ended)) OR (num(date_ended) >= '42005'))
2019-12-18 13:23:22      	3 fields found: case_manager_id, active, client_id, 
2019-12-18 13:23:22      105,065 lines fetched
2019-12-18 13:23:23 0016 Case_Manager:
2019-12-18 13:23:23 0017 NOCONCATENATE
2019-12-18 13:23:23 0018 LOAD
2019-12-18 13:23:23 0019 	case_manager_id,
2019-12-18 13:23:23 0020 	client_id
2019-12-18 13:23:23 0021 RESIDENT Case_Manager_tmp
2019-12-18 13:23:23 0022 WHERE match(active, 1)
2019-12-18 13:23:23      	2 fields found: case_manager_id, client_id, 
2019-12-18 13:23:23      105,065 lines fetched
2019-12-18 13:23:23 0024 DROP TABLE Case_Manager_tmp
2019-12-18 13:23:23 0026 INNER JOIN (Case_Manager)
2019-12-18 13:23:23 0027 LOAD
2019-12-18 13:23:23 0028     case_manager_id,
2019-12-18 13:23:23 0029     visibility_group_id,
2019-12-18 13:23:23 0030     visible
2019-12-18 13:23:23 0031 FROM [lib://SPData_Beta/Extract/sp5_sc_sc_211_qlik/E_SP5_SC_SC_211_QLIK_SP_CASE_MANAGERVISIBILITY.qvd]
2019-12-18 13:23:23 0032 (qvd)
2019-12-18 13:23:23      	3 fields found: case_manager_id, visibility_group_id, visible, 
2019-12-18 13:23:23      105,225 lines fetched
2019-12-18 13:23:23      Joining/Keeping
2019-12-18 13:23:23 0034 Case_Manager_visibility:
2019-12-18 13:23:23 0035 LEFT JOIN (Case_Manager_Group)
2019-12-18 13:23:23 0036 LOAD DISTINCT
2019-12-18 13:23:23 0037     visibility_group_id,
2019-12-18 13:23:23 0038     visible,
2019-12-18 13:23:23 0039     case_manager_id,
2019-12-18 13:23:23 0040 	client_id
2019-12-18 13:23:23 0041 RESIDENT Case_Manager
2019-12-18 13:23:23      	4 fields found: visibility_group_id, visible, case_manager_id, client_id, 
2019-12-18 13:23:23      92,862 lines fetched
2019-12-18 13:23:23      Joining/Keeping
2019-12-18 13:27:01 0043 DROP TABLE Case_Manager
2019-12-18 13:27:04 0045 Visible:
2019-12-18 13:27:04 0046 Load DISTINCT
2019-12-18 13:27:04 0047 	provider_id,
2019-12-18 13:27:04 0048     case_manager_id,
2019-12-18 13:27:04 0049     1 AS Visible,
2019-12-18 13:27:04 0050 	client_id
2019-12-18 13:27:04 0051 RESIDENT Case_Manager_Group
2019-12-18 13:27:04 0052 WHERE visible = 1
2019-12-18 13:35:52      	4 fields found: provider_id, case_manager_id, Visible, client_id, 
2019-12-18 13:35:52      1,416,201,219 lines fetched
2019-12-18 13:35:52 0054 not_Visible:
2019-12-18 13:35:52 0055 LEFT JOIN(Visible)
2019-12-18 13:35:52 0056 Load DISTINCT
2019-12-18 13:35:52 0057 	provider_id,
2019-12-18 13:35:52 0058     case_manager_id,
2019-12-18 13:35:52 0059     1 AS not_Visible,
2019-12-18 13:35:52 0060 	client_id
2019-12-18 13:35:52 0061 RESIDENT Case_Manager_Group
2019-12-18 13:35:52 0062 WHERE visible = 0
2019-12-18 14:00:00      	4 fields found: provider_id, case_manager_id, not_Visible, client_id, 
2019-12-18 14:00:00      149 lines fetched
2019-12-18 14:00:00      Joining/Keeping
2019-12-18 14:07:23 0064 DROP TABLE Case_Manager_Group
2019-12-18 14:07:28 0066 Case_Manager_visibility:
2019-12-18 14:07:28 0067 NOCONCATENATE
2019-12-18 14:07:28 0068 LOAD DISTINCT
2019-12-18 14:07:28 0069 	provider_id,
2019-12-18 14:07:28 0070 	case_manager_id AS [Case Manager Id],
2019-12-18 14:07:28 0071 	client_id AS %casemanagerclientid
2019-12-18 14:07:28 0072 RESIDENT Visible
2019-12-18 14:07:28 0073 WHERE match(Visible, 1)  AND isNull(not_Visible)
2019-12-18 14:18:15      	3 fields found: provider_id, Case Manager Id, %casemanagerclientid, 
2019-12-18 14:18:15      1,416,201,125 lines fetched
2019-12-18 14:18:16 0075 DROP TABLE Visible
2019-12-18 14:18:18 0077 Case_Manager_visibility_tmp:
2019-12-18 14:18:18 0078 LEFT JOIN(Case_Manager_visibility)
2019-12-18 14:18:18 0079 LOAD
2019-12-18 14:18:18 0080     [Case Manager Id]
2019-12-18 14:18:18 0081 RESIDENt DIM_Case_Manager
2019-12-18 14:18:18      	1 fields found: Case Manager Id, 
2019-12-18 14:18:18      105,065 lines fetched
2019-12-18 14:18:18      Joining/Keeping
2019-12-18 14:28:01 0009 Goal_Group:
2019-12-18 14:28:01 0010 LOAD DISTINCT 
2019-12-18 14:28:01 0011  	provider_id,
2019-12-18 14:28:01 0012     visibility_group_id
2019-12-18 14:28:01 0013 RESIDENT USER_GROUP
2019-12-18 14:28:02      	2 fields found: provider_id, visibility_group_id, 
2019-12-18 14:28:02      69,676 lines fetched
2019-12-18 14:28:02 0007 Goal_tmp:
2019-12-18 14:28:02 0008 LOAD
2019-12-18 14:28:02 0009     goal_id,
2019-12-18 14:28:02 0010     active,
2019-12-18 14:28:02 0011 	client_id
2019-12-18 14:28:02 0012 FROM [lib://SPData_Beta/Extract/sp5_sc_sc_211_qlik/E_SP5_SC_SC_211_QLIK_SP_GOAL.qvd]
2019-12-18 14:28:02 0013 (qvd)
2019-12-18 14:28:02 0014 WHERE num(date_set) >= '42005'
2019-12-18 14:28:03      	3 fields found: goal_id, active, client_id, 
2019-12-18 14:28:03      37,489 lines fetched
2019-12-18 14:28:03 0016 Goal:
2019-12-18 14:28:03 0017 NOCONCATENATE
2019-12-18 14:28:03 0018 LOAD
2019-12-18 14:28:03 0019 	goal_id,
2019-12-18 14:28:03 0020 	client_id
2019-12-18 14:28:03 0021 RESIDENT Goal_tmp
2019-12-18 14:28:03 0022 WHERE match(active, 1)
2019-12-18 14:28:03      	2 fields found: goal_id, client_id, 
2019-12-18 14:28:03      37,489 lines fetched
2019-12-18 14:28:03 0024 DROP TABLE Goal_tmp
2019-12-18 14:28:03 0026 INNER JOIN (Goal)
2019-12-18 14:28:03 0027 LOAD
2019-12-18 14:28:03 0028     goal_id,
2019-12-18 14:28:03 0029     visibility_group_id,
2019-12-18 14:28:03 0030     visible
2019-12-18 14:28:03 0031 FROM [lib://SPData_Beta/Extract/sp5_sc_sc_211_qlik/E_SP5_SC_SC_211_QLIK_SP_GOALVISIBILITY.qvd]
2019-12-18 14:28:03 0032 (qvd)
2019-12-18 14:28:03      	3 fields found: goal_id, visibility_group_id, visible, 
2019-12-18 14:28:03      44,366 lines fetched
2019-12-18 14:28:03      Joining/Keeping
2019-12-18 14:28:03 0034 Goal_visibility:
2019-12-18 14:28:03 0035 LEFT JOIN (Goal_Group)
2019-12-18 14:28:03 0036 LOAD DISTINCT
2019-12-18 14:28:03 0037     visibility_group_id,
2019-12-18 14:28:03 0038     visible,
2019-12-18 14:28:03 0039     goal_id,
2019-12-18 14:28:03 0040 	client_id
2019-12-18 14:28:03 0041 RESIDENT Goal
2019-12-18 14:28:04      	4 fields found: visibility_group_id, visible, goal_id, client_id, 
2019-12-18 14:28:04      11,274 lines fetched
2019-12-18 14:28:04      Joining/Keeping
2019-12-18 14:28:13 0043 DROP TABLE Goal
2019-12-18 14:28:14 0045 Visible:
2019-12-18 14:28:14 0046 Load DISTINCT
2019-12-18 14:28:14 0047 	provider_id,
2019-12-18 14:28:14 0048     goal_id,
2019-12-18 14:28:14 0049     1 AS Visible,
2019-12-18 14:28:14 0050 	client_id
2019-12-18 14:28:14 0051 RESIDENT Goal_Group
2019-12-18 14:28:14 0052 WHERE visible = 1
2019-12-18 14:28:29      	4 fields found: provider_id, goal_id, Visible, client_id, 
2019-12-18 14:28:29      31,513,204 lines fetched
2019-12-18 14:28:29 0054 not_Visible:
2019-12-18 14:28:29 0055 LEFT JOIN(Visible)
2019-12-18 14:28:29 0056 Load DISTINCT
2019-12-18 14:28:29 0057 	provider_id,
2019-12-18 14:28:29 0058     goal_id,
2019-12-18 14:28:29 0059     1 AS not_Visible,
2019-12-18 14:28:29 0060 	client_id
2019-12-18 14:28:29 0061 RESIDENT Goal_Group
2019-12-18 14:28:29 0062 WHERE visible = 0
2019-12-18 14:29:05      	4 fields found: provider_id, goal_id, not_Visible, client_id, 
2019-12-18 14:29:05      1 lines fetched
2019-12-18 14:29:05      Joining/Keeping
2019-12-18 14:29:16 0064 DROP TABLE Goal_Group
2019-12-18 14:29:16 0066 Goal_visibility:
2019-12-18 14:29:16 0067 NOCONCATENATE
2019-12-18 14:29:16 0068 LOAD DISTINCT
2019-12-18 14:29:16 0069 	provider_id,
2019-12-18 14:29:16 0070 	goal_id AS [Goal Id],
2019-12-18 14:29:16 0071 	client_id AS %goalclientid
2019-12-18 14:29:16 0072 RESIDENT Visible
2019-12-18 14:29:16 0073 WHERE match(Visible, 1)  AND isNull(not_Visible)
2019-12-18 14:29:32      	3 fields found: provider_id, Goal Id, %goalclientid, 
2019-12-18 14:29:32      31,513,204 lines fetched
2019-12-18 14:29:32 0075 DROP TABLE Visible
2019-12-18 14:29:32 0077 Goal_visibility_tmp:
2019-12-18 14:29:32 0078 LEFT JOIN(Goal_visibility)
2019-12-18 14:29:32 0079 LOAD
2019-12-18 14:29:32 0080     [Goal Id]
2019-12-18 14:29:32 0081 RESIDENt DIM_Goal
2019-12-18 14:29:32      	1 fields found: Goal Id, 
2019-12-18 14:29:32      37,489 lines fetched
2019-12-18 14:29:32      Joining/Keeping
2019-12-18 14:29:44 0010 Goal_Actionstep_Group:
2019-12-18 14:29:44 0011 LOAD DISTINCT 
2019-12-18 14:29:44 0012  	provider_id,
2019-12-18 14:29:44 0013     visibility_group_id
2019-12-18 14:29:44 0014 RESIDENT USER_GROUP
2019-12-18 14:29:45      	2 fields found: provider_id, visibility_group_id, 
2019-12-18 14:29:45      69,676 lines fetched
2019-12-18 14:29:46 0007 Goal_Actionstep_tmp:
2019-12-18 14:29:46 0008 LOAD
2019-12-18 14:29:46 0009     goal_actionstep_id,
2019-12-18 14:29:46 0010     active,
2019-12-18 14:29:46 0011 	goal_id
2019-12-18 14:29:46 0012 FROM [lib://SPData_Beta/Extract/sp5_sc_sc_211_qlik/E_SP5_SC_SC_211_QLIK_SP_GOAL_ACTIONSTEP.qvd]
2019-12-18 14:29:46 0013 (qvd)
2019-12-18 14:29:46 0014 WHERE num(date_set) >= '42005'
2019-12-18 14:29:46      	3 fields found: goal_actionstep_id, active, goal_id, 
2019-12-18 14:29:46      4,269 lines fetched
2019-12-18 14:29:46 0016 Goal_Actionstep:
2019-12-18 14:29:46 0017 NOCONCATENATE
2019-12-18 14:29:46 0018 LOAD
2019-12-18 14:29:46 0019 	goal_actionstep_id,
2019-12-18 14:29:46 0020 	goal_id
2019-12-18 14:29:46 0021 RESIDENT Goal_Actionstep_tmp
2019-12-18 14:29:46 0022 WHERE match(active, 1)
2019-12-18 14:29:46      	2 fields found: goal_actionstep_id, goal_id, 
2019-12-18 14:29:46      4,269 lines fetched
2019-12-18 14:29:46 0024 DROP TABLE Goal_Actionstep_tmp
2019-12-18 14:29:46 0026 INNER JOIN (Goal_Actionstep)
2019-12-18 14:29:46 0027 LOAD
2019-12-18 14:29:46 0028     goal_actionstep_id,
2019-12-18 14:29:46 0029     visibility_group_id,
2019-12-18 14:29:46 0030     visible
2019-12-18 14:29:46 0031 FROM [lib://SPData_Beta/Extract/sp5_sc_sc_211_qlik/E_SP5_SC_SC_211_QLIK_SP_GOAL_ACTIONSTEPVISIBILITY.qvd]
2019-12-18 14:29:46 0032 (qvd)
2019-12-18 14:29:46      	3 fields found: goal_actionstep_id, visibility_group_id, visible, 
2019-12-18 14:29:46      3,485 lines fetched
2019-12-18 14:29:46      Joining/Keeping
2019-12-18 14:29:46 0034 Goal_Actionstep_visibility:
2019-12-18 14:29:46 0035 LEFT JOIN (Goal_Actionstep_Group)
2019-12-18 14:29:46 0036 LOAD DISTINCT
2019-12-18 14:29:46 0037     visibility_group_id,
2019-12-18 14:29:46 0038     visible,
2019-12-18 14:29:46 0039     goal_actionstep_id,
2019-12-18 14:29:46 0040 	goal_id
2019-12-18 14:29:46 0041 RESIDENT Goal_Actionstep
2019-12-18 14:29:46      	4 fields found: visibility_group_id, visible, goal_actionstep_id, goal_id, 
2019-12-18 14:29:46      235 lines fetched
2019-12-18 14:29:46      Joining/Keeping
2019-12-18 14:29:47 0043 DROP TABLE Goal_Actionstep
2019-12-18 14:29:47 0045 Visible:
2019-12-18 14:29:47 0046 Load DISTINCT
2019-12-18 14:29:47 0047 	provider_id,
2019-12-18 14:29:47 0048     goal_actionstep_id,
2019-12-18 14:29:47 0049     1 AS Visible,
2019-12-18 14:29:47 0050 	goal_id
2019-12-18 14:29:47 0051 RESIDENT Goal_Actionstep_Group
2019-12-18 14:29:47 0052 WHERE visible = 1
2019-12-18 14:29:49      	4 fields found: provider_id, goal_actionstep_id, Visible, goal_id, 
2019-12-18 14:29:49      2,978,502 lines fetched
2019-12-18 14:29:49 0054 not_Visible:
2019-12-18 14:29:49 0055 LEFT JOIN(Visible)
2019-12-18 14:29:49 0056 Load DISTINCT
2019-12-18 14:29:49 0057 	provider_id,
2019-12-18 14:29:49 0058     goal_actionstep_id,
2019-12-18 14:29:49 0059     1 AS not_Visible,
2019-12-18 14:29:49 0060 	goal_id
2019-12-18 14:29:49 0061 RESIDENT Goal_Actionstep_Group
2019-12-18 14:29:49 0062 WHERE visible = 0
2019-12-18 14:29:53      	4 fields found: provider_id, goal_actionstep_id, not_Visible, goal_id, 
2019-12-18 14:29:53      0 lines fetched
2019-12-18 14:29:53      Joining/Keeping
2019-12-18 14:29:55 0064 DROP TABLE Goal_Actionstep_Group
2019-12-18 14:29:55 0066 Goal_Actionstep_visibility:
2019-12-18 14:29:55 0067 NOCONCATENATE
2019-12-18 14:29:55 0068 LOAD DISTINCT
2019-12-18 14:29:55 0069 	provider_id,
2019-12-18 14:29:55 0070 	goal_actionstep_id AS [Goal Actionstep Id],
2019-12-18 14:29:55 0071 	goal_id AS %goalactionstepgoalid
2019-12-18 14:29:55 0072 RESIDENT Visible
2019-12-18 14:29:55 0073 WHERE match(Visible, 1)  AND isNull(not_Visible)
2019-12-18 14:29:57      	3 fields found: provider_id, Goal Actionstep Id, %goalactionstepgoalid, 
2019-12-18 14:29:57      2,978,502 lines fetched
2019-12-18 14:29:57 0075 DROP TABLE Visible
2019-12-18 14:29:57 0077 Goal_Actionstep_visibility_tmp:
2019-12-18 14:29:57 0078 LEFT JOIN(Goal_Actionstep_visibility)
2019-12-18 14:29:57 0079 LOAD
2019-12-18 14:29:57 0080     [Goal Actionstep Id]
2019-12-18 14:29:57 0081 RESIDENt DIM_Goal_Actionstep
2019-12-18 14:29:57      	1 fields found: Goal Actionstep Id, 
2019-12-18 14:29:57      4,269 lines fetched
2019-12-18 14:29:57      Joining/Keeping
2019-12-18 14:29:58 0011 Need_Group:
2019-12-18 14:29:58 0012 LOAD DISTINCT 
2019-12-18 14:29:58 0013  	provider_id,
2019-12-18 14:29:58 0014     visibility_group_id
2019-12-18 14:29:58 0015 RESIDENT USER_GROUP
2019-12-18 14:29:59      	2 fields found: provider_id, visibility_group_id, 
2019-12-18 14:29:59      69,676 lines fetched
2019-12-18 14:30:00 0007 Need_tmp:
2019-12-18 14:30:00 0008 LOAD
2019-12-18 14:30:00 0009     need_id,
2019-12-18 14:30:00 0010     active,
2019-12-18 14:30:00 0011 	client_id
2019-12-18 14:30:00 0012 FROM [lib://SPData_Beta/Extract/sp5_sc_sc_211_qlik/E_SP5_SC_SC_211_QLIK_SP_NEED.qvd]
2019-12-18 14:30:00 0013 (qvd)
2019-12-18 14:30:00 0014 WHERE num(date_set) >= '42005'
2019-12-18 14:30:05      	3 fields found: need_id, active, client_id, 
2019-12-18 14:30:05      1,416,360 lines fetched
2019-12-18 14:30:05 0016 Need:
2019-12-18 14:30:05 0017 NOCONCATENATE
2019-12-18 14:30:05 0018 LOAD
2019-12-18 14:30:05 0019 	need_id,
2019-12-18 14:30:05 0020 	client_id
2019-12-18 14:30:05 0021 RESIDENT Need_tmp
2019-12-18 14:30:05 0022 WHERE match(active, 1)
2019-12-18 14:30:06      	2 fields found: need_id, client_id, 
2019-12-18 14:30:06      1,416,360 lines fetched
2019-12-18 14:30:06 0024 DROP TABLE Need_tmp
2019-12-18 14:30:06 0026 INNER JOIN (Need)
2019-12-18 14:30:06 0027 LOAD
2019-12-18 14:30:06 0028     need_id,
2019-12-18 14:30:06 0029     visibility_group_id,
2019-12-18 14:30:06 0030     visible
2019-12-18 14:30:06 0031 FROM [lib://SPData_Beta/Extract/sp5_sc_sc_211_qlik/E_SP5_SC_SC_211_QLIK_SP_NEEDVISIBILITY.qvd]
2019-12-18 14:30:06 0032 (qvd)
2019-12-18 14:30:08      	3 fields found: need_id, visibility_group_id, visible, 
2019-12-18 14:30:08      3,892,113 lines fetched
2019-12-18 14:30:08      Joining/Keeping
2019-12-18 14:30:10 0034 Need_visibility:
2019-12-18 14:30:10 0035 LEFT JOIN (Need_Group)
2019-12-18 14:30:10 0036 LOAD DISTINCT
2019-12-18 14:30:10 0037     visibility_group_id,
2019-12-18 14:30:10 0038     visible,
2019-12-18 14:30:10 0039     need_id,
2019-12-18 14:30:10 0040 	client_id
2019-12-18 14:30:10 0041 RESIDENT Need
2019-12-18 14:30:11      	4 fields found: visibility_group_id, visible, need_id, client_id, 
2019-12-18 14:30:11      1,408,870 lines fetched
2019-12-18 14:30:11      Joining/Keeping
2019-12-18 14:58:43      	
2019-12-18 14:58:43      Action canceled by user
2019-12-18 14:59:33      Execution Failed
2019-12-18 14:59:33      Execution finished.
