2020-01-06 21:49:37      Execution started.
2020-01-06 21:49:37      Qlik Sense Server Version     12.334.4
2020-01-06 21:49:37      CPU Target                    x64
2020-01-06 21:49:37      Operating System              Windows Server 2012 R2 Standard  (64 bit edition)
2020-01-06 21:49:37      Wow64 mode                    Not using Wow64
2020-01-06 21:49:37      Language                      0409 English English
2020-01-06 21:49:37      Country                       USA United States United States
2020-01-06 21:49:37      MDAC Version                  6.3.9600.16384
2020-01-06 21:49:37      MDAC Full Install Version     6.3.9600.16384
2020-01-06 21:49:37      PreferredCompression          2
2020-01-06 21:49:37      EnableParallelReload          1
2020-01-06 21:49:37      ParallelizeQvdLoads           1
2020-01-06 21:49:37      AutoSaveAfterReload           0
2020-01-06 21:49:37      BackupBeforeReload            0
2020-01-06 21:49:37      EnableFlushLog                0
2020-01-06 21:49:37      UserLogfileCharset            65001
2020-01-06 21:49:37      OdbcLoginTimeout              -1
2020-01-06 21:49:37      OdbcConnectionTimeout         -1
2020-01-06 21:49:37      LongestPossibleLine           1048576
2020-01-06 21:49:37      MaxCoreMask                   -1
2020-01-06 21:49:37      WebFileTimeout                0
2020-01-06 21:49:37      WebFileUserAgent              Mozilla/5.0
2020-01-06 21:49:37      DontUseInternetCache          1
2020-01-06 21:49:37      ScriptWantsDbWrite            false
2020-01-06 21:49:37      ScriptWantsExe                false
2020-01-06 21:49:37      ICU_FOR_CHARACTER_CLASSIFICATION true
2020-01-06 21:49:37      ICU_FOR_CODE_PAGES            true
2020-01-06 21:49:37      ICU_FOR_COLLATION             true
2020-01-06 21:49:37      ICU_FOR_LOCALE_INFO           true
2020-01-06 21:49:37      ICU_FOR_SUPPORT_INFO          true
2020-01-06 21:49:37      ICU_FOR_TIME_ZONE_INFO        true
2020-01-06 21:49:37      LogFile CodePage Used:        65001
2020-01-06 21:49:37      UseMemoryFillPattern          1
2020-01-06 21:49:37      ScriptMode                    Standard (limits system access)
2020-01-06 21:49:37      SequentialThreadCount         170
2020-01-06 21:49:37      NumberOfCores (effective)     56
2020-01-06 21:49:37      ReloadCodebase                Bnf
2020-01-06 21:49:39      Reload ID                     7db73afd-d4fa-4d8c-80bc-2b6a907774df
2020-01-06 21:49:39      Reload Executed By            UserDirectory=INTERNAL; UserId=sa_scheduler
2020-01-06 21:49:39      Process Executing             Qlik Sense Server
2020-01-06 21:49:39      Process ID                    5976
2020-01-06 21:49:39      Grpc version                  5.0.0
2020-01-06 21:49:39      Protobuf version              3.4.0
2020-01-06 21:49:39 0004 Binary [lib://Apps/d664619f-6291-4a39-b4a5-303a39c76d86]
2020-01-06 21:49:54 0009 SET vSiteName = 'sp5_sc_sc_211_qlik'
2020-01-06 21:49:54 0012 SET vSVNConnection = 'qliksense'
2020-01-06 21:49:54 0013 SET vSVNSiteFolder = 'SiteInformation'
2020-01-06 21:49:54 0014 SET vSVNFolder = 'BETA_SECURITY_TEST\Security'
2020-01-06 21:49:54 0015 SET vDBname = 'sp5_sc_sc_211_qlik'
2020-01-06 21:49:54 0014 SET vConnection = ['sp5_sc_sc_211_qlik']
2020-01-06 21:49:54 0002 LET vStartTime = now()
2020-01-06 21:49:54 0003 SET ThousandSep=','
2020-01-06 21:49:54 0002 SET DecimalSep='.'
2020-01-06 21:49:54 0003 SET MoneyThousandSep=','
2020-01-06 21:49:54 0004 SET MoneyDecimalSep='.'
2020-01-06 21:49:54 0005 SET MoneyFormat='$#,##0.00;($#,##0.00)'
2020-01-06 21:49:54 0006 SET TimeFormat='h:mm:ss TT'
2020-01-06 21:49:54 0007 SET DateFormat='M/D/YYYY'
2020-01-06 21:49:54 0008 SET TimestampFormat='M/D/YYYY h:mm:ss[.fff] TT'
2020-01-06 21:49:54 0009 SET FirstWeekDay=6
2020-01-06 21:49:54 0010 SET BrokenWeeks=1
2020-01-06 21:49:54 0011 SET ReferenceDay=0
2020-01-06 21:49:54 0012 SET FirstMonthOfYear=1
2020-01-06 21:49:54 0013 SET CollationLocale='en-US'
2020-01-06 21:49:54 0015 SET MonthNames='Jan;Feb;Mar;Apr;May;Jun;Jul;Aug;Sep;Oct;Nov;Dec'
2020-01-06 21:49:54 0016 SET LongMonthNames='January;February;March;April;May;June;July;August;September;October;November;December'
2020-01-06 21:49:54 0017 SET DayNames='Mon;Tue;Wed;Thu;Fri;Sat;Sun'
2020-01-06 21:49:54 0018 SET LongDayNames='Monday;Tuesday;Wednesday;Thursday;Friday;Saturday;Sunday'
2020-01-06 21:49:54 0025 LIB CONNECT TO 'sp5_sc_sc_211_qlik'
2020-01-06 21:49:55 0027 SET vConnection = 'SPData_Beta'
2020-01-06 21:49:55 0028 SET vQVDType = 'Extract'
2020-01-06 21:49:55 0029 LET vQVDTypePrefix = left(vQVDType, 1)
2020-01-06 21:49:55 0030 LET vFilenamePrefix = vQVDTypePrefix & '_' & upper(vDBname)
2020-01-06 21:49:55 0031 SET vQVDTransformType = 'Transform'
2020-01-06 21:49:55 0032 SET vStoreConnection = 'SPData_Beta'
2020-01-06 21:49:55 0033 SET vQVDStoreType = 'Security'
2020-01-06 21:49:55 0034 LET vStoreQVDTypePrefix = left(vQVDStoreType, 1)
2020-01-06 21:49:55 0036 LET vNumDateSet = num('2015-01-01')
2020-01-06 21:49:55 0038 LET vEntryExitDate = ('2015-01-01')
2020-01-06 21:49:55 0040 LET vCallRecordDate = ('2015-01-01')
2020-01-06 21:49:55 0004 USER:
2020-01-06 21:49:55 0005 select DISTINCT u1.username,e.user_id, p.provider_id from sp_user_eda_group e JOIN sp_eda_group_provider_tree p ON (e.eda_group_id = p.eda_group_id)
2020-01-06 21:49:55 0006 join sp_user u1 on e.user_id = u1.user_id
2020-01-06 21:49:55 0007 where u1.active = true
2020-01-06 21:49:55 0008   AND u1.username <> 'SVPDELETED'
2020-01-06 21:49:55 0009   and length(trim(u1.username)) > 0
2020-01-06 21:49:55 0010 UNION 
2020-01-06 21:49:55 0011 select DISTINCT u.username,u.user_id, u.provider_id from sp_user u
2020-01-06 21:49:55 0012 where u.active = true
2020-01-06 21:49:55 0013   AND u.username <> 'SVPDELETED'
2020-01-06 21:49:55 0014   and length(trim(u.username)) > 0
2020-01-06 21:49:59      	3 fields found: username, user_id, provider_id, 
2020-01-06 21:49:59      481,763 lines fetched
2020-01-06 21:49:59 0013 visibility_group_provider:
2020-01-06 21:49:59 0014 LEFT JOIN(USER)
2020-01-06 21:49:59 0015 LOAD
2020-01-06 21:49:59 0016     visibility_group_id,
2020-01-06 21:49:59 0017     provider_id
2020-01-06 21:49:59 0018 FROM [lib://SPData_Beta/Extract/sp5_sc_sc_211_qlik/E_SP5_SC_SC_211_QLIK_SP_VISIBILITY_GROUP_PROVIDER_TREE.qvd]
2020-01-06 21:49:59 0019 (qvd)
2020-01-06 21:49:59      	2 fields found: visibility_group_id, provider_id, 
2020-01-06 21:49:59      69,676 lines fetched
2020-01-06 21:49:59      Joining/Keeping
2020-01-06 21:50:00 0021 USER_GROUP:
2020-01-06 21:50:00 0022 LOAD Distinct
2020-01-06 21:50:00 0023 	user_id,
2020-01-06 21:50:00 0024 	UPPER('ICOUNT' & '\' & username & '_' & user_id & '_' & provider_id) AS USERID,
2020-01-06 21:50:00 0025 	
2020-01-06 21:50:00 0026     provider_id,
2020-01-06 21:50:00 0027     visibility_group_id
2020-01-06 21:50:00 0028 RESIDENT USER
2020-01-06 21:50:03      	4 fields found: user_id, USERID, provider_id, visibility_group_id, 
2020-01-06 21:50:03      2,159,945 lines fetched
2020-01-06 21:50:03 0029 DROP TABLE USER
2020-01-06 21:50:03 0005 RECENT_CLIENT_tmp:
2020-01-06 21:50:03 0006 SELECT DISTINCT ee.client_id FROM sp_entry_exit ee
2020-01-06 21:50:03 0007   WHERE ((ee.exit_date IS NULL) OR (ee.exit_date >= '01/01/2015'))
2020-01-06 21:50:03 0008 UNION
2020-01-06 21:50:03 0009 SELECT distinct srv.client_id FROM sp_need_service srv
2020-01-06 21:50:03 0010   where (srv.client_id IS NOT NULL) AND
2020-01-06 21:50:03 0011         ((srv.provide_start_date >= '01/01/2015')
2020-01-06 21:50:03 0012           OR (srv.provide_end_date >= '01/01/2015')
2020-01-06 21:50:03 0013           OR ((srv.provide_end_date IS NULL) AND (srv.shelter_item = TRUE))
2020-01-06 21:50:03 0014           OR (srv.refer_date >= '01/01/2015')
2020-01-06 21:50:03 0015         )
2020-01-06 21:50:03 0016 UNION
2020-01-06 21:50:03 0017 SELECT DISTINCT n.client_id FROM sp_need n WHERE (n.client_id IS NOT NULL) and (n.date_set >= '01/01/2015')
2020-01-06 21:50:03 0018 UNION
2020-01-06 21:50:03 0019 SELECT DISTINCT g.client_id FROM sp_goal g WHERE (g.date_set >= '01/01/2015')
2020-01-06 21:50:03 0020 UNION
2020-01-06 21:50:03 0021 SELECT DISTINCT g.client_id FROM sp_goal_actionstep g WHERE (g.date_set >= '01/01/2015')
2020-01-06 21:50:03 0022 UNION
2020-01-06 21:50:03 0023 SELECT DISTINCT a.client_id FROM da_answer a WHERE (a.date_effective >= '01/01/2015')
2020-01-06 21:50:03 0024 UNION
2020-01-06 21:50:03 0025 SELECT DISTINCT a.client_id FROM da_recordset a WHERE (a.date_effective >= '01/01/2015')
2020-01-06 21:50:03 0026 UNION
2020-01-06 21:50:03 0027 SELECT DISTINCT c.client_id FROM sp_call_record c 
2020-01-06 21:50:03 0028   WHERE (c.client_id IS NOT NULL) AND ((c.end_date IS NULL) OR (c.end_date >= '01/01/2015'))
2020-01-06 21:52:06      	1 fields found: client_id, 
2020-01-06 21:52:06      149,086 lines fetched
2020-01-06 21:52:06 0006 Client_Group:
2020-01-06 21:52:06 0007 LOAD DISTINCT 
2020-01-06 21:52:06 0008  	provider_id,
2020-01-06 21:52:06 0009     visibility_group_id
2020-01-06 21:52:06 0010 RESIDENT USER_GROUP
2020-01-06 21:52:07      	2 fields found: provider_id, visibility_group_id, 
2020-01-06 21:52:07      69,676 lines fetched
2020-01-06 21:52:08 0009 Client_tmp:
2020-01-06 21:52:08 0010 LOAD
2020-01-06 21:52:08 0011     client_id,
2020-01-06 21:52:08 0012     active
2020-01-06 21:52:08 0013 FROM [lib://SPData_Beta/Extract/sp5_sc_sc_211_qlik/E_SP5_SC_SC_211_QLIK_SP_CLIENT.qvd]
2020-01-06 21:52:08 0014 (qvd)
2020-01-06 21:52:08      	2 fields found: client_id, active, 
2020-01-06 21:52:08      318,523 lines fetched
2020-01-06 21:52:08 0016 Client:
2020-01-06 21:52:08 0017 NOCONCATENATE
2020-01-06 21:52:08 0018 LOAD
2020-01-06 21:52:08 0019 	client_id
2020-01-06 21:52:08 0020 RESIDENT Client_tmp
2020-01-06 21:52:08 0021 WHERE match(active, 1)
2020-01-06 21:52:09      	1 fields found: client_id, 
2020-01-06 21:52:09      284,186 lines fetched
2020-01-06 21:52:09 0023 DROP TABLE Client_tmp
2020-01-06 21:52:09 0026 keep_only_recent_clients_tmp:
2020-01-06 21:52:09 0027 INNER JOIN (Client)
2020-01-06 21:52:09 0028 LOAD
2020-01-06 21:52:09 0029 	client_id
2020-01-06 21:52:09 0030 RESIDENT RECENT_CLIENT_tmp
2020-01-06 21:52:09      	1 fields found: client_id, 
2020-01-06 21:52:09      149,086 lines fetched
2020-01-06 21:52:09      Joining/Keeping
2020-01-06 21:52:09 0034 client_visibility_tmp:
2020-01-06 21:52:09 0035 INNER JOIN (Client)
2020-01-06 21:52:09 0036 LOAD
2020-01-06 21:52:09 0037 
2020-01-06 21:52:09 0038     client_id,
2020-01-06 21:52:09 0039     visibility_group_id,
2020-01-06 21:52:09 0040     visible
2020-01-06 21:52:09 0041 FROM [lib://SPData_Beta/Extract/sp5_sc_sc_211_qlik/E_SP5_SC_SC_211_QLIK_SP_CLIENTVISIBILITY.qvd]
2020-01-06 21:52:09 0042 (qvd)
2020-01-06 21:52:10      	3 fields found: client_id, visibility_group_id, visible, 
2020-01-06 21:52:10      475,919 lines fetched
2020-01-06 21:52:10      Joining/Keeping
2020-01-06 21:52:10 0044 Client_visibility:
2020-01-06 21:52:10 0045 LEFT JOIN (Client_Group)
2020-01-06 21:52:10 0046 LOAD DISTINCT
2020-01-06 21:52:10 0047     visibility_group_id,
2020-01-06 21:52:10 0048     visible,
2020-01-06 21:52:10 0049     client_id
2020-01-06 21:52:10 0050 RESIDENT Client
2020-01-06 21:52:10      	3 fields found: visibility_group_id, visible, client_id, 
2020-01-06 21:52:10      172,025 lines fetched
2020-01-06 21:52:10      Joining/Keeping
2020-01-06 21:54:59 0052 DROP TABLE Client
2020-01-06 21:55:02 0054 Visible:
2020-01-06 21:55:02 0055 Load DISTINCT
2020-01-06 21:55:02 0056 	provider_id,
2020-01-06 21:55:02 0057     client_id,
2020-01-06 21:55:02 0058     1 AS Visible
2020-01-06 21:55:02 0059 RESIDENT Client_Group
2020-01-06 21:55:02 0060 WHERE visible = 1
2020-01-06 22:04:18      	3 fields found: provider_id, client_id, Visible, 
2020-01-06 22:04:18      2,134,667,579 lines fetched
2020-01-06 22:04:19 0062 not_Visible:
2020-01-06 22:04:19 0063 LEFT JOIN(Visible)
2020-01-06 22:04:19 0064 Load DISTINCT
2020-01-06 22:04:19 0065 	provider_id,
2020-01-06 22:04:19 0066     client_id,
2020-01-06 22:04:19 0067     1 AS not_Visible
2020-01-06 22:04:19 0068 RESIDENT Client_Group
2020-01-06 22:04:19 0069 WHERE visible = 0
2020-01-06 22:34:20      	3 fields found: provider_id, client_id, not_Visible, 
2020-01-06 22:34:20      27,984 lines fetched
2020-01-06 22:34:20      Joining/Keeping
2020-01-06 22:42:47 0071 DROP TABLE Client_Group
2020-01-06 22:42:49 0073 client_visibility:
2020-01-06 22:42:49 0074 NOCONCATENATE
2020-01-06 22:42:49 0075 LOAD DISTINCT
2020-01-06 22:42:49 0076 	provider_id,
2020-01-06 22:42:49 0077 	client_id AS [Client Id]
2020-01-06 22:42:49 0078 RESIDENT Visible
2020-01-06 22:42:49 0079 WHERE match(Visible, 1)  AND isNull(not_Visible)
2020-01-06 22:53:03      	2 fields found: provider_id, Client Id, 
2020-01-06 22:53:03      2,134,639,595 lines fetched
2020-01-06 22:53:04 0081 DROP TABLE Visible
2020-01-06 22:53:05 0083 client_tmp:
2020-01-06 22:53:05 0084 LEFT JOIN(client_visibility)
2020-01-06 22:53:05 0085 LOAD
2020-01-06 22:53:05 0086     [Client Id],
2020-01-06 22:53:05 0087     [Client Provider Created By Id]
2020-01-06 22:53:05 0088 FROM [lib://SPData_Beta/Transform/sp5_sc_sc_211_qlik/E_DIM_Client.qvd]
2020-01-06 22:53:05 0089 (qvd)
2020-01-06 22:53:06      	2 fields found: Client Id, Client Provider Created By Id, 
2020-01-06 22:53:06      995,858 lines fetched
2020-01-06 22:53:06      Joining/Keeping
2020-01-06 23:05:26 0007 Entry_Exit_Group:
2020-01-06 23:05:26 0008 LOAD DISTINCT 
2020-01-06 23:05:26 0009  	provider_id,
2020-01-06 23:05:26 0010     visibility_group_id
2020-01-06 23:05:26 0011 RESIDENT USER_GROUP
2020-01-06 23:05:27      	2 fields found: provider_id, visibility_group_id, 
2020-01-06 23:05:27      69,676 lines fetched
2020-01-06 23:05:27 0007 Entry_Exit_tmp:
2020-01-06 23:05:27 0008 LOAD
2020-01-06 23:05:27 0009     entry_exit_id,
2020-01-06 23:05:27 0010     active
2020-01-06 23:05:27 0011 FROM [lib://SPData_Beta/Extract/sp5_sc_sc_211_qlik/E_SP5_SC_SC_211_QLIK_SP_ENTRY_EXIT.qvd]
2020-01-06 23:05:27 0012 (qvd)
2020-01-06 23:05:27 0013 WHERE (isNull(num(exit_date)) OR (num(exit_date) >= '42005')) AND (covered_by_roi = 1)
2020-01-06 23:05:27      	2 fields found: entry_exit_id, active, 
2020-01-06 23:05:27      200,249 lines fetched
2020-01-06 23:05:27 0015 Entry_Exit:
2020-01-06 23:05:27 0016 NOCONCATENATE
2020-01-06 23:05:27 0017 LOAD
2020-01-06 23:05:27 0018 	entry_exit_id
2020-01-06 23:05:27 0019 RESIDENT Entry_Exit_tmp
2020-01-06 23:05:27 0020 WHERE match(active, 1)
2020-01-06 23:05:27      	1 fields found: entry_exit_id, 
2020-01-06 23:05:27      200,249 lines fetched
2020-01-06 23:05:28 0025 INNER JOIN(Entry_Exit_tmp)
2020-01-06 23:05:28 0026 LOAD
2020-01-06 23:05:28 0027     entry_exit_id,
2020-01-06 23:05:28 0028     visibility_group_id,
2020-01-06 23:05:28 0029     visible
2020-01-06 23:05:28 0030 FROM [lib://SPData_Beta/Extract/sp5_sc_sc_211_qlik/E_SP5_SC_SC_211_QLIK_SP_ENTRY_EXITVISIBILITY.qvd]
2020-01-06 23:05:28 0031 (qvd)
2020-01-06 23:05:28      	3 fields found: entry_exit_id, visibility_group_id, visible, 
2020-01-06 23:05:28      900,759 lines fetched
2020-01-06 23:05:28      Joining/Keeping
2020-01-06 23:05:28 0033 RENAME table Entry_Exit_tmp to Entry_Exit_VIS
2020-01-06 23:05:28 0035 enrty_exit_visibility_tmp:
2020-01-06 23:05:28 0036 INNER JOIN (Entry_Exit)
2020-01-06 23:05:28 0037 LOAD
2020-01-06 23:05:28 0038     entry_exit_id,
2020-01-06 23:05:28 0039     visibility_group_id,
2020-01-06 23:05:28 0040     visible
2020-01-06 23:05:28 0041 RESIDENT Entry_Exit_VIS
2020-01-06 23:05:29      	3 fields found: entry_exit_id, visibility_group_id, visible, 
2020-01-06 23:05:29      311,764 lines fetched
2020-01-06 23:05:29      Joining/Keeping
2020-01-06 23:05:29 0042 DROP TABLE Entry_Exit_VIS
2020-01-06 23:05:29 0044 Entry_Exit_visibility:
2020-01-06 23:05:29 0045 LEFT JOIN (Entry_Exit_Group)
2020-01-06 23:05:29 0046 LOAD DISTINCT
2020-01-06 23:05:29 0047     visibility_group_id,
2020-01-06 23:05:29 0048     visible,
2020-01-06 23:05:29 0049     entry_exit_id
2020-01-06 23:05:29 0050 RESIDENT Entry_Exit
2020-01-06 23:05:29      	3 fields found: visibility_group_id, visible, entry_exit_id, 
2020-01-06 23:05:29      309,485 lines fetched
2020-01-06 23:05:29      Joining/Keeping
2020-01-06 23:07:43 0052 DROP TABLE Entry_Exit
2020-01-06 23:07:47 0054 Visible:
2020-01-06 23:07:47 0055 Load DISTINCT
2020-01-06 23:07:47 0056 	provider_id,
2020-01-06 23:07:47 0057     entry_exit_id,
2020-01-06 23:07:47 0058     1 AS Visible
2020-01-06 23:07:47 0059 RESIDENT Entry_Exit_Group
2020-01-06 23:07:47 0060 WHERE visible = 1
2020-01-06 23:14:59      	3 fields found: provider_id, entry_exit_id, Visible, 
2020-01-06 23:14:59      2,184,676,559 lines fetched
2020-01-06 23:15:00 0062 not_Visible:
2020-01-06 23:15:00 0063 LEFT JOIN(Visible)
2020-01-06 23:15:00 0064 Load DISTINCT
2020-01-06 23:15:00 0065 	provider_id,
2020-01-06 23:15:00 0066     entry_exit_id,
2020-01-06 23:15:00 0067     1 AS not_Visible
2020-01-06 23:15:00 0068 RESIDENT Entry_Exit_Group
2020-01-06 23:15:00 0069 WHERE visible = 0
2020-01-06 23:55:44      	3 fields found: provider_id, entry_exit_id, not_Visible, 
2020-01-06 23:55:44      2,584 lines fetched
2020-01-06 23:55:44      Joining/Keeping
2020-01-07 00:00:22 0071 DROP TABLE Entry_Exit_Group
2020-01-07 00:00:26 0073 Entry_Exit_visibility:
2020-01-07 00:00:26 0074 NOCONCATENATE
2020-01-07 00:00:26 0075 LOAD DISTINCT
2020-01-07 00:00:26 0076 	provider_id,
2020-01-07 00:00:26 0077 	entry_exit_id AS [Entry Exit Id]
2020-01-07 00:00:26 0078 RESIDENT Visible
2020-01-07 00:00:26 0079 WHERE match(Visible, 1)  AND isNull(not_Visible)
2020-01-07 00:06:24      	2 fields found: provider_id, Entry Exit Id, 
2020-01-07 00:06:24      2,184,675,357 lines fetched
2020-01-07 00:06:24 0081 DROP TABLE Visible
2020-01-07 00:06:26 0084 LEFT JOIN(Entry_Exit_visibility)
2020-01-07 00:06:26 0085 LOAD
2020-01-07 00:06:26 0086     [Entry Exit Id],
2020-01-07 00:06:26 0087     [Entry Exit Provider Created By Id],
2020-01-07 00:06:26 0088 	%EEClientId
2020-01-07 00:06:26 0089 FROM [lib://SPData_Beta/Transform/sp5_sc_sc_211_qlik/E_DIM_Entry_Exit.qvd]
2020-01-07 00:06:26 0090 (qvd)
2020-01-07 00:06:27      	3 fields found: Entry Exit Id, Entry Exit Provider Created By Id, %EEClientId, 
2020-01-07 00:06:27      2,341,505 lines fetched
2020-01-07 00:06:27      Joining/Keeping
2020-01-07 01:41:33 0008 Case_Manager_Group:
2020-01-07 01:41:33 0009 LOAD DISTINCT 
2020-01-07 01:41:33 0010  	provider_id,
2020-01-07 01:41:33 0011     visibility_group_id
2020-01-07 01:41:33 0012 RESIDENT USER_GROUP
2020-01-07 01:41:34      	2 fields found: provider_id, visibility_group_id, 
2020-01-07 01:41:34      69,676 lines fetched
2020-01-07 01:41:35 0007 Case_Manager_tmp:
2020-01-07 01:41:35 0008 LOAD
2020-01-07 01:41:35 0009     case_manager_id,
2020-01-07 01:41:35 0010     active,
2020-01-07 01:41:35 0011 	client_id
2020-01-07 01:41:35 0012 FROM [lib://SPData_Beta/Extract/sp5_sc_sc_211_qlik/E_SP5_SC_SC_211_QLIK_SP_CASE_MANAGER.qvd]
2020-01-07 01:41:35 0013 (qvd)
2020-01-07 01:41:35 0014 WHERE (isNull(num(date_ended)) OR (num(date_ended) >= '42005'))
2020-01-07 01:41:35      	3 fields found: case_manager_id, active, client_id, 
2020-01-07 01:41:35      105,065 lines fetched
2020-01-07 01:41:35 0016 Case_Manager:
2020-01-07 01:41:35 0017 NOCONCATENATE
2020-01-07 01:41:35 0018 LOAD
2020-01-07 01:41:35 0019 	case_manager_id,
2020-01-07 01:41:35 0020 	client_id
2020-01-07 01:41:35 0021 RESIDENT Case_Manager_tmp
2020-01-07 01:41:35 0022 WHERE match(active, 1)
2020-01-07 01:41:35      	2 fields found: case_manager_id, client_id, 
2020-01-07 01:41:35      105,065 lines fetched
2020-01-07 01:41:35 0024 DROP TABLE Case_Manager_tmp
2020-01-07 01:41:35 0026 INNER JOIN (Case_Manager)
2020-01-07 01:41:35 0027 LOAD
2020-01-07 01:41:35 0028     case_manager_id,
2020-01-07 01:41:35 0029     visibility_group_id,
2020-01-07 01:41:35 0030     visible
2020-01-07 01:41:35 0031 FROM [lib://SPData_Beta/Extract/sp5_sc_sc_211_qlik/E_SP5_SC_SC_211_QLIK_SP_CASE_MANAGERVISIBILITY.qvd]
2020-01-07 01:41:35 0032 (qvd)
2020-01-07 01:41:36      	3 fields found: case_manager_id, visibility_group_id, visible, 
2020-01-07 01:41:36      105,225 lines fetched
2020-01-07 01:41:36      Joining/Keeping
2020-01-07 01:41:36 0034 Case_Manager_visibility:
2020-01-07 01:41:36 0035 LEFT JOIN (Case_Manager_Group)
2020-01-07 01:41:36 0036 LOAD DISTINCT
2020-01-07 01:41:36 0037     visibility_group_id,
2020-01-07 01:41:36 0038     visible,
2020-01-07 01:41:36 0039     case_manager_id,
2020-01-07 01:41:36 0040 	client_id
2020-01-07 01:41:36 0041 RESIDENT Case_Manager
2020-01-07 01:41:36      	4 fields found: visibility_group_id, visible, case_manager_id, client_id, 
2020-01-07 01:41:36      92,862 lines fetched
2020-01-07 01:41:36      Joining/Keeping
2020-01-07 01:44:11 0043 DROP TABLE Case_Manager
2020-01-07 01:44:13 0045 Visible:
2020-01-07 01:44:13 0046 Load DISTINCT
2020-01-07 01:44:13 0047 	provider_id,
2020-01-07 01:44:13 0048     case_manager_id,
2020-01-07 01:44:13 0049     1 AS Visible,
2020-01-07 01:44:13 0050 	client_id
2020-01-07 01:44:13 0051 RESIDENT Case_Manager_Group
2020-01-07 01:44:13 0052 WHERE visible = 1
2020-01-07 01:52:11      	4 fields found: provider_id, case_manager_id, Visible, client_id, 
2020-01-07 01:52:11      1,416,201,219 lines fetched
2020-01-07 01:52:11 0054 not_Visible:
2020-01-07 01:52:11 0055 LEFT JOIN(Visible)
2020-01-07 01:52:11 0056 Load DISTINCT
2020-01-07 01:52:11 0057 	provider_id,
2020-01-07 01:52:11 0058     case_manager_id,
2020-01-07 01:52:11 0059     1 AS not_Visible,
2020-01-07 01:52:11 0060 	client_id
2020-01-07 01:52:11 0061 RESIDENT Case_Manager_Group
2020-01-07 01:52:11 0062 WHERE visible = 0
2020-01-07 02:21:42      	4 fields found: provider_id, case_manager_id, not_Visible, client_id, 
2020-01-07 02:21:42      149 lines fetched
2020-01-07 02:21:42      Joining/Keeping
2020-01-07 02:26:16 0064 DROP TABLE Case_Manager_Group
2020-01-07 02:26:19 0066 Case_Manager_visibility:
2020-01-07 02:26:19 0067 NOCONCATENATE
2020-01-07 02:26:19 0068 LOAD DISTINCT
2020-01-07 02:26:19 0069 	provider_id,
2020-01-07 02:26:19 0070 	case_manager_id AS [Case Manager Id],
2020-01-07 02:26:19 0071 	client_id AS %casemanagerclientid
2020-01-07 02:26:19 0072 RESIDENT Visible
2020-01-07 02:26:19 0073 WHERE match(Visible, 1)  AND isNull(not_Visible)
2020-01-07 02:30:01      	3 fields found: provider_id, Case Manager Id, %casemanagerclientid, 
2020-01-07 02:30:01      1,416,201,125 lines fetched
2020-01-07 02:30:02 0075 DROP TABLE Visible
2020-01-07 02:30:02 0077 Case_Manager_visibility_tmp:
2020-01-07 02:30:02 0078 LEFT JOIN(Case_Manager_visibility)
2020-01-07 02:30:02 0079 LOAD
2020-01-07 02:30:02 0080     [Case Manager Id]
2020-01-07 02:30:02 0081 RESIDENt DIM_Case_Manager
2020-01-07 02:30:02      	1 fields found: Case Manager Id, 
2020-01-07 02:30:02      105,065 lines fetched
2020-01-07 02:30:02      Joining/Keeping
2020-01-07 02:37:35 0009 Goal_Group:
2020-01-07 02:37:35 0010 LOAD DISTINCT 
2020-01-07 02:37:35 0011  	provider_id,
2020-01-07 02:37:35 0012     visibility_group_id
2020-01-07 02:37:35 0013 RESIDENT USER_GROUP
2020-01-07 02:37:47      	2 fields found: provider_id, visibility_group_id, 
2020-01-07 02:37:47      69,676 lines fetched
2020-01-07 02:37:47 0007 Goal_tmp:
2020-01-07 02:37:47 0008 LOAD
2020-01-07 02:37:47 0009     goal_id,
2020-01-07 02:37:47 0010     active,
2020-01-07 02:37:47 0011 	client_id
2020-01-07 02:37:47 0012 FROM [lib://SPData_Beta/Extract/sp5_sc_sc_211_qlik/E_SP5_SC_SC_211_QLIK_SP_GOAL.qvd]
2020-01-07 02:37:47 0013 (qvd)
2020-01-07 02:37:47 0014 WHERE num(date_set) >= '42005'
2020-01-07 02:37:47      	3 fields found: goal_id, active, client_id, 
2020-01-07 02:37:47      37,489 lines fetched
2020-01-07 02:37:47 0016 Goal:
2020-01-07 02:37:47 0017 NOCONCATENATE
2020-01-07 02:37:47 0018 LOAD
2020-01-07 02:37:47 0019 	goal_id,
2020-01-07 02:37:47 0020 	client_id
2020-01-07 02:37:47 0021 RESIDENT Goal_tmp
2020-01-07 02:37:47 0022 WHERE match(active, 1)
2020-01-07 02:37:47      	2 fields found: goal_id, client_id, 
2020-01-07 02:37:47      37,489 lines fetched
2020-01-07 02:37:47 0024 DROP TABLE Goal_tmp
2020-01-07 02:37:47 0026 INNER JOIN (Goal)
2020-01-07 02:37:47 0027 LOAD
2020-01-07 02:37:47 0028     goal_id,
2020-01-07 02:37:47 0029     visibility_group_id,
2020-01-07 02:37:47 0030     visible
2020-01-07 02:37:47 0031 FROM [lib://SPData_Beta/Extract/sp5_sc_sc_211_qlik/E_SP5_SC_SC_211_QLIK_SP_GOALVISIBILITY.qvd]
2020-01-07 02:37:47 0032 (qvd)
2020-01-07 02:37:48      	3 fields found: goal_id, visibility_group_id, visible, 
2020-01-07 02:37:48      44,366 lines fetched
2020-01-07 02:37:48      Joining/Keeping
2020-01-07 02:37:48 0034 Goal_visibility:
2020-01-07 02:37:48 0035 LEFT JOIN (Goal_Group)
2020-01-07 02:37:48 0036 LOAD DISTINCT
2020-01-07 02:37:48 0037     visibility_group_id,
2020-01-07 02:37:48 0038     visible,
2020-01-07 02:37:48 0039     goal_id,
2020-01-07 02:37:48 0040 	client_id
2020-01-07 02:37:48 0041 RESIDENT Goal
2020-01-07 02:37:48      	4 fields found: visibility_group_id, visible, goal_id, client_id, 
2020-01-07 02:37:48      11,274 lines fetched
2020-01-07 02:37:48      Joining/Keeping
2020-01-07 02:37:50 0043 DROP TABLE Goal
2020-01-07 02:37:50 0045 Visible:
2020-01-07 02:37:50 0046 Load DISTINCT
2020-01-07 02:37:50 0047 	provider_id,
2020-01-07 02:37:50 0048     goal_id,
2020-01-07 02:37:50 0049     1 AS Visible,
2020-01-07 02:37:50 0050 	client_id
2020-01-07 02:37:50 0051 RESIDENT Goal_Group
2020-01-07 02:37:50 0052 WHERE visible = 1
2020-01-07 02:37:57      	4 fields found: provider_id, goal_id, Visible, client_id, 
2020-01-07 02:37:57      31,513,204 lines fetched
2020-01-07 02:37:57 0054 not_Visible:
2020-01-07 02:37:57 0055 LEFT JOIN(Visible)
2020-01-07 02:37:57 0056 Load DISTINCT
2020-01-07 02:37:57 0057 	provider_id,
2020-01-07 02:37:57 0058     goal_id,
2020-01-07 02:37:57 0059     1 AS not_Visible,
2020-01-07 02:37:57 0060 	client_id
2020-01-07 02:37:57 0061 RESIDENT Goal_Group
2020-01-07 02:37:57 0062 WHERE visible = 0
2020-01-07 02:38:23      	4 fields found: provider_id, goal_id, not_Visible, client_id, 
2020-01-07 02:38:23      1 lines fetched
2020-01-07 02:38:23      Joining/Keeping
2020-01-07 02:38:31 0064 DROP TABLE Goal_Group
2020-01-07 02:38:31 0066 Goal_visibility:
2020-01-07 02:38:31 0067 NOCONCATENATE
2020-01-07 02:38:31 0068 LOAD DISTINCT
2020-01-07 02:38:31 0069 	provider_id,
2020-01-07 02:38:31 0070 	goal_id AS [Goal Id],
2020-01-07 02:38:31 0071 	client_id AS %goalclientid
2020-01-07 02:38:31 0072 RESIDENT Visible
2020-01-07 02:38:31 0073 WHERE match(Visible, 1)  AND isNull(not_Visible)
2020-01-07 02:38:37      	3 fields found: provider_id, Goal Id, %goalclientid, 
2020-01-07 02:38:37      31,513,204 lines fetched
2020-01-07 02:38:37 0075 DROP TABLE Visible
2020-01-07 02:38:37 0077 Goal_visibility_tmp:
2020-01-07 02:38:37 0078 LEFT JOIN(Goal_visibility)
2020-01-07 02:38:37 0079 LOAD
2020-01-07 02:38:37 0080     [Goal Id]
2020-01-07 02:38:37 0081 RESIDENt DIM_Goal
2020-01-07 02:38:37      	1 fields found: Goal Id, 
2020-01-07 02:38:37      37,489 lines fetched
2020-01-07 02:38:37      Joining/Keeping
2020-01-07 02:38:46 0010 Goal_Actionstep_Group:
2020-01-07 02:38:46 0011 LOAD DISTINCT 
2020-01-07 02:38:46 0012  	provider_id,
2020-01-07 02:38:46 0013     visibility_group_id
2020-01-07 02:38:46 0014 RESIDENT USER_GROUP
2020-01-07 02:38:47      	2 fields found: provider_id, visibility_group_id, 
2020-01-07 02:38:47      69,676 lines fetched
2020-01-07 02:38:47 0007 Goal_Actionstep_tmp:
2020-01-07 02:38:47 0008 LOAD
2020-01-07 02:38:47 0009     goal_actionstep_id,
2020-01-07 02:38:47 0010     active,
2020-01-07 02:38:47 0011 	goal_id
2020-01-07 02:38:47 0012 FROM [lib://SPData_Beta/Extract/sp5_sc_sc_211_qlik/E_SP5_SC_SC_211_QLIK_SP_GOAL_ACTIONSTEP.qvd]
2020-01-07 02:38:47 0013 (qvd)
2020-01-07 02:38:47 0014 WHERE num(date_set) >= '42005'
2020-01-07 02:38:47      	3 fields found: goal_actionstep_id, active, goal_id, 
2020-01-07 02:38:47      4,269 lines fetched
2020-01-07 02:38:47 0016 Goal_Actionstep:
2020-01-07 02:38:47 0017 NOCONCATENATE
2020-01-07 02:38:47 0018 LOAD
2020-01-07 02:38:47 0019 	goal_actionstep_id,
2020-01-07 02:38:47 0020 	goal_id
2020-01-07 02:38:47 0021 RESIDENT Goal_Actionstep_tmp
2020-01-07 02:38:47 0022 WHERE match(active, 1)
2020-01-07 02:38:48      	2 fields found: goal_actionstep_id, goal_id, 
2020-01-07 02:38:48      4,269 lines fetched
2020-01-07 02:38:48 0024 DROP TABLE Goal_Actionstep_tmp
2020-01-07 02:38:48 0026 INNER JOIN (Goal_Actionstep)
2020-01-07 02:38:48 0027 LOAD
2020-01-07 02:38:48 0028     goal_actionstep_id,
2020-01-07 02:38:48 0029     visibility_group_id,
2020-01-07 02:38:48 0030     visible
2020-01-07 02:38:48 0031 FROM [lib://SPData_Beta/Extract/sp5_sc_sc_211_qlik/E_SP5_SC_SC_211_QLIK_SP_GOAL_ACTIONSTEPVISIBILITY.qvd]
2020-01-07 02:38:48 0032 (qvd)
2020-01-07 02:38:48      	3 fields found: goal_actionstep_id, visibility_group_id, visible, 
2020-01-07 02:38:48      3,485 lines fetched
2020-01-07 02:38:48      Joining/Keeping
2020-01-07 02:38:48 0034 Goal_Actionstep_visibility:
2020-01-07 02:38:48 0035 LEFT JOIN (Goal_Actionstep_Group)
2020-01-07 02:38:48 0036 LOAD DISTINCT
2020-01-07 02:38:48 0037     visibility_group_id,
2020-01-07 02:38:48 0038     visible,
2020-01-07 02:38:48 0039     goal_actionstep_id,
2020-01-07 02:38:48 0040 	goal_id
2020-01-07 02:38:48 0041 RESIDENT Goal_Actionstep
2020-01-07 02:38:48      	4 fields found: visibility_group_id, visible, goal_actionstep_id, goal_id, 
2020-01-07 02:38:48      235 lines fetched
2020-01-07 02:38:48      Joining/Keeping
2020-01-07 02:38:48 0043 DROP TABLE Goal_Actionstep
2020-01-07 02:38:48 0045 Visible:
2020-01-07 02:38:48 0046 Load DISTINCT
2020-01-07 02:38:48 0047 	provider_id,
2020-01-07 02:38:48 0048     goal_actionstep_id,
2020-01-07 02:38:48 0049     1 AS Visible,
2020-01-07 02:38:48 0050 	goal_id
2020-01-07 02:38:48 0051 RESIDENT Goal_Actionstep_Group
2020-01-07 02:38:48 0052 WHERE visible = 1
2020-01-07 02:38:49      	4 fields found: provider_id, goal_actionstep_id, Visible, goal_id, 
2020-01-07 02:38:49      2,978,502 lines fetched
2020-01-07 02:38:49 0054 not_Visible:
2020-01-07 02:38:49 0055 LEFT JOIN(Visible)
2020-01-07 02:38:49 0056 Load DISTINCT
2020-01-07 02:38:49 0057 	provider_id,
2020-01-07 02:38:49 0058     goal_actionstep_id,
2020-01-07 02:38:49 0059     1 AS not_Visible,
2020-01-07 02:38:49 0060 	goal_id
2020-01-07 02:38:49 0061 RESIDENT Goal_Actionstep_Group
2020-01-07 02:38:49 0062 WHERE visible = 0
2020-01-07 02:38:52      	4 fields found: provider_id, goal_actionstep_id, not_Visible, goal_id, 
2020-01-07 02:38:52      0 lines fetched
2020-01-07 02:38:52      Joining/Keeping
2020-01-07 02:38:53 0064 DROP TABLE Goal_Actionstep_Group
2020-01-07 02:38:53 0066 Goal_Actionstep_visibility:
2020-01-07 02:38:53 0067 NOCONCATENATE
2020-01-07 02:38:53 0068 LOAD DISTINCT
2020-01-07 02:38:53 0069 	provider_id,
2020-01-07 02:38:53 0070 	goal_actionstep_id AS [Goal Actionstep Id],
2020-01-07 02:38:53 0071 	goal_id AS %goalactionstepgoalid
2020-01-07 02:38:53 0072 RESIDENT Visible
2020-01-07 02:38:53 0073 WHERE match(Visible, 1)  AND isNull(not_Visible)
2020-01-07 02:38:54      	3 fields found: provider_id, Goal Actionstep Id, %goalactionstepgoalid, 
2020-01-07 02:38:54      2,978,502 lines fetched
2020-01-07 02:38:54 0075 DROP TABLE Visible
2020-01-07 02:38:54 0077 Goal_Actionstep_visibility_tmp:
2020-01-07 02:38:54 0078 LEFT JOIN(Goal_Actionstep_visibility)
2020-01-07 02:38:54 0079 LOAD
2020-01-07 02:38:54 0080     [Goal Actionstep Id]
2020-01-07 02:38:54 0081 RESIDENt DIM_Goal_Actionstep
2020-01-07 02:38:54      	1 fields found: Goal Actionstep Id, 
2020-01-07 02:38:54      4,269 lines fetched
2020-01-07 02:38:54      Joining/Keeping
2020-01-07 02:38:55 0011 Need_Group:
2020-01-07 02:38:55 0012 LOAD DISTINCT 
2020-01-07 02:38:55 0013  	provider_id,
2020-01-07 02:38:55 0014     visibility_group_id
2020-01-07 02:38:55 0015 RESIDENT USER_GROUP
2020-01-07 02:38:55      	2 fields found: provider_id, visibility_group_id, 
2020-01-07 02:38:55      69,676 lines fetched
2020-01-07 02:38:56 0007 Need_tmp:
2020-01-07 02:38:56 0008 LOAD
2020-01-07 02:38:56 0009     need_id,
2020-01-07 02:38:56 0010     active,
2020-01-07 02:38:56 0011 	client_id
2020-01-07 02:38:56 0012 FROM [lib://SPData_Beta/Extract/sp5_sc_sc_211_qlik/E_SP5_SC_SC_211_QLIK_SP_NEED.qvd]
2020-01-07 02:38:56 0013 (qvd)
2020-01-07 02:38:56 0014 WHERE num(date_set) >= '42005'
2020-01-07 02:38:58      	3 fields found: need_id, active, client_id, 
2020-01-07 02:38:58      1,416,360 lines fetched
2020-01-07 02:38:58 0016 Need:
2020-01-07 02:38:58 0017 NOCONCATENATE
2020-01-07 02:38:58 0018 LOAD
2020-01-07 02:38:58 0019 	need_id,
2020-01-07 02:38:58 0020 	client_id
2020-01-07 02:38:58 0021 RESIDENT Need_tmp
2020-01-07 02:38:58 0022 WHERE match(active, 1)
2020-01-07 02:38:59      	2 fields found: need_id, client_id, 
2020-01-07 02:38:59      1,416,360 lines fetched
2020-01-07 02:38:59 0024 DROP TABLE Need_tmp
2020-01-07 02:38:59 0026 INNER JOIN (Need)
2020-01-07 02:38:59 0027 LOAD
2020-01-07 02:38:59 0028     need_id,
2020-01-07 02:38:59 0029     visibility_group_id,
2020-01-07 02:38:59 0030     visible
2020-01-07 02:38:59 0031 FROM [lib://SPData_Beta/Extract/sp5_sc_sc_211_qlik/E_SP5_SC_SC_211_QLIK_SP_NEEDVISIBILITY.qvd]
2020-01-07 02:38:59 0032 (qvd)
2020-01-07 02:39:01      	3 fields found: need_id, visibility_group_id, visible, 
2020-01-07 02:39:01      3,892,113 lines fetched
2020-01-07 02:39:01      Joining/Keeping
2020-01-07 02:39:02 0034 Need_visibility:
2020-01-07 02:39:02 0035 LEFT JOIN (Need_Group)
2020-01-07 02:39:02 0036 LOAD DISTINCT
2020-01-07 02:39:02 0037     visibility_group_id,
2020-01-07 02:39:02 0038     visible,
2020-01-07 02:39:02 0039     need_id,
2020-01-07 02:39:02 0040 	client_id
2020-01-07 02:39:02 0041 RESIDENT Need
2020-01-07 02:39:03      	4 fields found: visibility_group_id, visible, need_id, client_id, 
2020-01-07 02:39:03      1,408,870 lines fetched
2020-01-07 02:39:03      Joining/Keeping
2020-01-07 03:07:00 0043 DROP TABLE Need
2020-01-07 03:07:27 0045 Visible:
2020-01-07 03:07:27 0046 Load DISTINCT
2020-01-07 03:07:27 0047 	provider_id,
2020-01-07 03:07:27 0048     need_id,
2020-01-07 03:07:27 0049     1 AS Visible,
2020-01-07 03:07:27 0050 	client_id
2020-01-07 03:07:27 0051 RESIDENT Need_Group
2020-01-07 03:07:27 0052 WHERE visible = 1
2020-01-07 04:47:19      	4 fields found: provider_id, need_id, Visible, client_id, 
2020-01-07 04:47:19      18,953,336,907 lines fetched
2020-01-07 04:47:22 0054 not_Visible:
2020-01-07 04:47:22 0055 LEFT JOIN(Visible)
2020-01-07 04:47:22 0056 Load DISTINCT
2020-01-07 04:47:22 0057 	provider_id,
2020-01-07 04:47:22 0058     need_id,
2020-01-07 04:47:22 0059     1 AS not_Visible,
2020-01-07 04:47:22 0060 	client_id
2020-01-07 04:47:22 0061 RESIDENT Need_Group
2020-01-07 04:47:22 0062 WHERE visible = 0
2020-01-07 14:46:24      	4 fields found: provider_id, need_id, not_Visible, client_id, 
2020-01-07 14:46:24      51,342 lines fetched
2020-01-07 14:46:24      Joining/Keeping
2020-01-07 16:29:31 0064 DROP TABLE Need_Group
2020-01-07 16:30:07 0066 Need_visibility:
2020-01-07 16:30:07 0067 NOCONCATENATE
2020-01-07 16:30:07 0068 LOAD DISTINCT
2020-01-07 16:30:07 0069 	provider_id,
2020-01-07 16:30:07 0070 	need_id AS [Need Id],
2020-01-07 16:30:07 0071 	client_id AS %needclientid
2020-01-07 16:30:07 0072 RESIDENT Visible
2020-01-07 16:30:07 0073 WHERE match(Visible, 1)  AND isNull(not_Visible)
2020-01-07 17:40:32      	3 fields found: provider_id, Need Id, %needclientid, 
2020-01-07 17:40:32      18,953,285,565 lines fetched
2020-01-07 17:40:34 0075 DROP TABLE Visible
2020-01-07 17:40:55 0077 Need_visibility_tmp:
2020-01-07 17:40:55 0078 LEFT JOIN(Need_visibility)
2020-01-07 17:40:55 0079 LOAD
2020-01-07 17:40:55 0080     [Need Id]
2020-01-07 17:40:55 0081 RESIDENt FACT_Need_Service
2020-01-07 17:41:46      	1 fields found: Need Id, 
2020-01-07 17:41:46      1,877,077 lines fetched
2020-01-07 17:41:46      Joining/Keeping
2020-01-07 20:29:19 0012 Client_Infraction_Group:
2020-01-07 20:29:19 0013 LOAD DISTINCT 
2020-01-07 20:29:19 0014  	provider_id,
2020-01-07 20:29:19 0015     visibility_group_id
2020-01-07 20:29:19 0016 RESIDENT USER_GROUP
2020-01-07 20:29:21      	2 fields found: provider_id, visibility_group_id, 
2020-01-07 20:29:21      69,676 lines fetched
2020-01-07 20:29:21 0007 Client_Infraction_tmp:
2020-01-07 20:29:21 0008 LOAD
2020-01-07 20:29:21 0009     client_infraction_id,
2020-01-07 20:29:21 0010     active,
2020-01-07 20:29:21 0011 	client_id
2020-01-07 20:29:21 0012 FROM [lib://SPData_Beta/Extract/sp5_sc_sc_211_qlik/E_SP5_SC_SC_211_QLIK_SP_CLIENT_INFRACTION.qvd]
2020-01-07 20:29:21 0013 (qvd)
2020-01-07 20:29:21 0014 WHERE (isNull(num(bar_end_date)) OR (num(bar_end_date) >= '42005'))
2020-01-07 20:29:21      	3 fields found: client_infraction_id, active, client_id, 
2020-01-07 20:29:21      8,382 lines fetched
2020-01-07 20:29:21 0016 Client_Infraction:
2020-01-07 20:29:21 0017 NOCONCATENATE
2020-01-07 20:29:21 0018 LOAD
2020-01-07 20:29:21 0019 	client_infraction_id,
2020-01-07 20:29:21 0020 	client_id
2020-01-07 20:29:21 0021 RESIDENT Client_Infraction_tmp
2020-01-07 20:29:21 0022 WHERE match(active, 1)
2020-01-07 20:29:21      	2 fields found: client_infraction_id, client_id, 
2020-01-07 20:29:21      8,382 lines fetched
2020-01-07 20:29:21 0024 DROP TABLE Client_Infraction_tmp
2020-01-07 20:29:21 0026 client_infraction_visibility_tmp:
2020-01-07 20:29:21 0027 INNER JOIN (Client_Infraction)
2020-01-07 20:29:21 0028 LOAD
2020-01-07 20:29:21 0029     client_infraction_id,
2020-01-07 20:29:21 0030     visibility_group_id,
2020-01-07 20:29:21 0031     visible
2020-01-07 20:29:21 0032 FROM [lib://SPData_Beta/Extract/sp5_sc_sc_211_qlik/E_SP5_SC_SC_211_QLIK_SP_CLIENT_INFRACTIONVISIBILITY.qvd]
2020-01-07 20:29:21 0033 (qvd)
2020-01-07 20:29:21      	3 fields found: client_infraction_id, visibility_group_id, visible, 
2020-01-07 20:29:21      4,349 lines fetched
2020-01-07 20:29:21      Joining/Keeping
2020-01-07 20:29:22 0036 LEFT JOIN (Client_Infraction_Group)
2020-01-07 20:29:22 0037 LOAD DISTINCT
2020-01-07 20:29:22 0038     visibility_group_id,
2020-01-07 20:29:22 0039     visible,
2020-01-07 20:29:22 0040     client_infraction_id,
2020-01-07 20:29:22 0041 	client_id
2020-01-07 20:29:22 0042 RESIDENT Client_Infraction
2020-01-07 20:29:22      	4 fields found: visibility_group_id, visible, client_infraction_id, client_id, 
2020-01-07 20:29:22      1,944 lines fetched
2020-01-07 20:29:22      Joining/Keeping
2020-01-07 20:29:26 0044 DROP TABLE Client_Infraction
2020-01-07 20:29:27 0046 Visible:
2020-01-07 20:29:27 0047 Load DISTINCT
2020-01-07 20:29:27 0048 	provider_id,
2020-01-07 20:29:27 0049     client_infraction_id,
2020-01-07 20:29:27 0050     1 AS Visible,
2020-01-07 20:29:27 0051 	client_id
2020-01-07 20:29:27 0052 RESIDENT Client_Infraction_Group
2020-01-07 20:29:27 0053 WHERE visible = 1
2020-01-07 20:29:34      	4 fields found: provider_id, client_infraction_id, Visible, client_id, 
2020-01-07 20:29:34      19,946,017 lines fetched
2020-01-07 20:29:34 0055 not_Visible:
2020-01-07 20:29:34 0056 LEFT JOIN(Visible)
2020-01-07 20:29:34 0057 Load DISTINCT
2020-01-07 20:29:34 0058 	provider_id,
2020-01-07 20:29:34 0059     client_infraction_id,
2020-01-07 20:29:34 0060     1 AS not_Visible,
2020-01-07 20:29:34 0061 	client_id
2020-01-07 20:29:34 0062 RESIDENT Client_Infraction_Group
2020-01-07 20:29:34 0063 WHERE visible = 0
2020-01-07 20:29:56      	4 fields found: provider_id, client_infraction_id, not_Visible, client_id, 
2020-01-07 20:29:56      11 lines fetched
2020-01-07 20:29:56      Joining/Keeping
2020-01-07 20:30:10 0065 DROP TABLE Client_Infraction_Group
2020-01-07 20:30:10 0067 Client_Infraction_visibility:
2020-01-07 20:30:10 0068 NOCONCATENATE
2020-01-07 20:30:10 0069 LOAD DISTINCT
2020-01-07 20:30:10 0070 	provider_id,
2020-01-07 20:30:10 0071 	client_infraction_id AS [Client Incident Id],
2020-01-07 20:30:10 0072 	client_id AS %clientinfractionclientid
2020-01-07 20:30:10 0073 RESIDENT Visible
2020-01-07 20:30:10 0074 WHERE match(Visible, 1)  AND isNull(not_Visible)
2020-01-07 20:30:27      	3 fields found: provider_id, Client Incident Id, %clientinfractionclientid, 
2020-01-07 20:30:27      19,946,008 lines fetched
2020-01-07 20:30:27 0076 DROP TABLE Visible
2020-01-07 20:30:27 0079 LEFT JOIN(Client_Infraction_visibility)
2020-01-07 20:30:27 0080 LOAD
2020-01-07 20:30:27 0081     [Client Incident Id]
2020-01-07 20:30:27 0082 RESIDENt DIM_Client_Infraction
2020-01-07 20:30:27      	1 fields found: Client Incident Id, 
2020-01-07 20:30:27      8,382 lines fetched
2020-01-07 20:30:27      Joining/Keeping
2020-01-07 20:30:43 0013 Matrix_Group_Group:
2020-01-07 20:30:43 0014 LOAD DISTINCT 
2020-01-07 20:30:43 0015  	provider_id,
2020-01-07 20:30:43 0016     visibility_group_id
2020-01-07 20:30:43 0017 RESIDENT USER_GROUP
2020-01-07 20:30:44      	2 fields found: provider_id, visibility_group_id, 
2020-01-07 20:30:44      69,676 lines fetched
2020-01-07 20:30:44 0007 Matrix_Group_tmp:
2020-01-07 20:30:44 0008 LOAD
2020-01-07 20:30:44 0009     matrix_group_id,
2020-01-07 20:30:44 0010 	client_id
2020-01-07 20:30:44 0011 FROM [lib://SPData_Beta/Extract/sp5_sc_sc_211_qlik/E_SP5_SC_SC_211_QLIK_SP_MATRIX_GROUP.qvd]
2020-01-07 20:30:44 0012 (qvd)
2020-01-07 20:30:44 0013 WHERE num(date_created) >= '42005'
2020-01-07 20:30:44      	2 fields found: matrix_group_id, client_id, 
2020-01-07 20:30:44      6,499 lines fetched
2020-01-07 20:30:44 0015 Matrix_Group:
2020-01-07 20:30:44 0016 NOCONCATENATE
2020-01-07 20:30:44 0017 LOAD
2020-01-07 20:30:44 0018 	matrix_group_id,
2020-01-07 20:30:44 0019 	client_id
2020-01-07 20:30:44 0020 RESIDENT Matrix_Group_tmp
2020-01-07 20:30:44      	2 fields found: matrix_group_id, client_id, 
2020-01-07 20:30:44      6,499 lines fetched
2020-01-07 20:30:44 0023 DROP TABLE Matrix_Group_tmp
2020-01-07 20:30:44 0025 INNER JOIN (Matrix_Group)
2020-01-07 20:30:44 0026 LOAD
2020-01-07 20:30:44 0027     matrix_group_id,
2020-01-07 20:30:44 0028     visibility_group_id,
2020-01-07 20:30:44 0029     visible
2020-01-07 20:30:44 0030 FROM [lib://SPData_Beta/Extract/sp5_sc_sc_211_qlik/E_SP5_SC_SC_211_QLIK_SP_MATRIX_GROUPVISIBILITY.qvd]
2020-01-07 20:30:44 0031 (qvd)
2020-01-07 20:30:45      	3 fields found: matrix_group_id, visibility_group_id, visible, 
2020-01-07 20:30:45      2,877 lines fetched
2020-01-07 20:30:45      Joining/Keeping
2020-01-07 20:30:45 0033 Matrix_Group_visibility:
2020-01-07 20:30:45 0034 LEFT JOIN (Matrix_Group_Group)
2020-01-07 20:30:45 0035 LOAD DISTINCT
2020-01-07 20:30:45 0036     visibility_group_id,
2020-01-07 20:30:45 0037     visible,
2020-01-07 20:30:45 0038     matrix_group_id,
2020-01-07 20:30:45 0039 	client_id
2020-01-07 20:30:45 0040 RESIDENT Matrix_Group
2020-01-07 20:30:45      	4 fields found: visibility_group_id, visible, matrix_group_id, client_id, 
2020-01-07 20:30:45      1,992 lines fetched
2020-01-07 20:30:45      Joining/Keeping
2020-01-07 20:30:52 0042 DROP TABLE Matrix_Group
2020-01-07 20:30:52 0044 Visible:
2020-01-07 20:30:52 0045 Load DISTINCT
2020-01-07 20:30:52 0046 	provider_id,
2020-01-07 20:30:52 0047     matrix_group_id,
2020-01-07 20:30:52 0048     1 AS Visible,
2020-01-07 20:30:52 0049 	client_id
2020-01-07 20:30:52 0050 RESIDENT Matrix_Group_Group
2020-01-07 20:30:52 0051 WHERE visible = 1
2020-01-07 20:31:05      	4 fields found: provider_id, matrix_group_id, Visible, client_id, 
2020-01-07 20:31:05      30,487,357 lines fetched
2020-01-07 20:31:05 0053 not_Visible:
2020-01-07 20:31:05 0054 LEFT JOIN(Visible)
2020-01-07 20:31:05 0055 Load DISTINCT
2020-01-07 20:31:05 0056 	provider_id,
2020-01-07 20:31:05 0057     matrix_group_id,
2020-01-07 20:31:05 0058     1 AS not_Visible,
2020-01-07 20:31:05 0059 	client_id
2020-01-07 20:31:05 0060 RESIDENT Matrix_Group_Group
2020-01-07 20:31:05 0061 WHERE visible = 0
2020-01-07 20:31:45      	4 fields found: provider_id, matrix_group_id, not_Visible, client_id, 
2020-01-07 20:31:45      0 lines fetched
2020-01-07 20:31:45      Joining/Keeping
2020-01-07 20:31:56 0063 DROP TABLE Matrix_Group_Group
2020-01-07 20:31:56 0065 Matrix_Group_visibility:
2020-01-07 20:31:56 0066 NOCONCATENATE
2020-01-07 20:31:56 0067 LOAD DISTINCT
2020-01-07 20:31:56 0068 	provider_id,
2020-01-07 20:31:56 0069 	matrix_group_id AS [Matrix Group Id],
2020-01-07 20:31:56 0070 	client_id AS %matrixgroupclientid
2020-01-07 20:31:56 0071 RESIDENT Visible
2020-01-07 20:31:56 0072 WHERE match(Visible, 1)  AND isNull(not_Visible)
2020-01-07 20:32:02      	3 fields found: provider_id, Matrix Group Id, %matrixgroupclientid, 
2020-01-07 20:32:02      30,487,357 lines fetched
2020-01-07 20:32:03 0074 DROP TABLE Visible
2020-01-07 20:32:03 0076 Matrix_Group_visibility_tmp:
2020-01-07 20:32:03 0077 LEFT JOIN(Matrix_Group_visibility)
2020-01-07 20:32:03 0078 LOAD
2020-01-07 20:32:03 0079     [Measurement Group Id] AS [Matrix Group Id]
2020-01-07 20:32:03 0080 RESIDENT DIM_Measurement_Answer
2020-01-07 20:32:04      	1 fields found: Matrix Group Id, 
2020-01-07 20:32:04      319,675 lines fetched
2020-01-07 20:32:04      Joining/Keeping
2020-01-07 20:34:12 0014 Call_Record_Group:
2020-01-07 20:34:12 0015 LOAD DISTINCT 
2020-01-07 20:34:12 0016  	provider_id,
2020-01-07 20:34:12 0017     visibility_group_id
2020-01-07 20:34:12 0018 RESIDENT USER_GROUP
2020-01-07 20:34:13      	2 fields found: provider_id, visibility_group_id, 
2020-01-07 20:34:13      69,676 lines fetched
2020-01-07 20:34:13 0007 Call_Record_tmp:
2020-01-07 20:34:13 0008 LOAD
2020-01-07 20:34:13 0009     call_record_id,
2020-01-07 20:34:13 0010     active,
2020-01-07 20:34:13 0011 	client_id
2020-01-07 20:34:13 0012 FROM [lib://SPData_Beta/Extract/sp5_sc_sc_211_qlik/E_SP5_SC_SC_211_QLIK_SP_CALL_RECORD.qvd]
2020-01-07 20:34:13 0013 (qvd)
2020-01-07 20:34:13 0014 WHERE (isNull(num(end_date)) OR (num(end_date) >= '42005'))
2020-01-07 20:34:16      	3 fields found: call_record_id, active, client_id, 
2020-01-07 20:34:16      703,834 lines fetched
2020-01-07 20:34:16 0016 Call_Record:
2020-01-07 20:34:16 0017 NOCONCATENATE
2020-01-07 20:34:16 0018 LOAD
2020-01-07 20:34:16 0019 	call_record_id,
2020-01-07 20:34:16 0020 	client_id
2020-01-07 20:34:16 0021 RESIDENT Call_Record_tmp
2020-01-07 20:34:16 0022 WHERE match(active, 1)
2020-01-07 20:34:16      	2 fields found: call_record_id, client_id, 
2020-01-07 20:34:16      703,834 lines fetched
2020-01-07 20:34:17 0024 DROP TABLE Call_Record_tmp
2020-01-07 20:34:17 0027 call_record_visibility_tmp:
2020-01-07 20:34:17 0028 INNER JOIN (Call_Record)
2020-01-07 20:34:17 0029 LOAD
2020-01-07 20:34:17 0030     callrecord_id AS call_record_id,
2020-01-07 20:34:17 0031     visibility_group_id,
2020-01-07 20:34:17 0032     visible
2020-01-07 20:34:17 0033 FROM [lib://SPData_Beta/Extract/sp5_sc_sc_211_qlik/E_SP5_SC_SC_211_QLIK_SP_CALLRECORDVISIBILITY.qvd]
2020-01-07 20:34:17 0034 (qvd)
2020-01-07 20:34:18      	3 fields found: call_record_id, visibility_group_id, visible, 
2020-01-07 20:34:18      1,507,520 lines fetched
2020-01-07 20:34:18      Joining/Keeping
2020-01-07 20:34:19 0036 Call_Record_visibility:
2020-01-07 20:34:19 0037 LEFT JOIN (Call_Record_Group)
2020-01-07 20:34:19 0038 LOAD DISTINCT
2020-01-07 20:34:19 0039     visibility_group_id,
2020-01-07 20:34:19 0040     visible,
2020-01-07 20:34:19 0041     call_record_id,
2020-01-07 20:34:19 0042 	client_id
2020-01-07 20:34:19 0043 RESIDENT Call_Record
2020-01-07 20:34:20      	4 fields found: visibility_group_id, visible, call_record_id, client_id, 
2020-01-07 20:34:20      641,670 lines fetched
2020-01-07 20:34:20      Joining/Keeping
2020-01-07 20:50:20 0045 DROP TABLE Call_Record
2020-01-07 20:50:29 0047 Visible:
2020-01-07 20:50:29 0048 Load DISTINCT
2020-01-07 20:50:29 0049 	provider_id,
2020-01-07 20:50:29 0050     call_record_id,
2020-01-07 20:50:29 0051     1 AS Visible,
2020-01-07 20:50:29 0052 	client_id
2020-01-07 20:50:29 0053 RESIDENT Call_Record_Group
2020-01-07 20:50:29 0054 WHERE visible = 1
2020-01-07 21:26:01      	4 fields found: provider_id, call_record_id, Visible, client_id, 
2020-01-07 21:26:01      9,864,603,318 lines fetched
2020-01-07 21:26:02 0056 not_Visible:
2020-01-07 21:26:02 0057 LEFT JOIN(Visible)
2020-01-07 21:26:02 0058 Load DISTINCT
2020-01-07 21:26:02 0059 	provider_id,
2020-01-07 21:26:02 0060     call_record_id,
2020-01-07 21:26:02 0061     1 AS not_Visible,
2020-01-07 21:26:02 0062 	client_id
2020-01-07 21:26:02 0063 RESIDENT Call_Record_Group
2020-01-07 21:26:02 0064 WHERE visible = 0
2020-01-07 23:41:44      	4 fields found: provider_id, call_record_id, not_Visible, client_id, 
2020-01-07 23:41:44      0 lines fetched
2020-01-07 23:41:44      Joining/Keeping
2020-01-08 00:10:56 0066 DROP TABLE Call_Record_Group
2020-01-08 00:11:15 0068 Call_Record_visibility:
2020-01-08 00:11:15 0069 NOCONCATENATE
2020-01-08 00:11:15 0070 LOAD DISTINCT
2020-01-08 00:11:15 0071 	provider_id,
2020-01-08 00:11:15 0072 	call_record_id AS [Call Record Id],
2020-01-08 00:11:15 0073 	client_id AS %callrecordclientid
2020-01-08 00:11:15 0074 RESIDENT Visible
2020-01-08 00:11:15 0075 WHERE match(Visible, 1)  AND isNull(not_Visible)
2020-01-08 00:46:10      	3 fields found: provider_id, Call Record Id, %callrecordclientid, 
2020-01-08 00:46:10      9,864,603,318 lines fetched
2020-01-08 00:46:12 0077 DROP TABLE Visible
2020-01-08 00:46:21 0080 LEFT JOIN(Call_Record_visibility)
2020-01-08 00:46:21 0081 LOAD
2020-01-08 00:46:21 0082     [Call Record Id]
2020-01-08 00:46:21 0083 FROM [lib://SPData_Beta/Transform/sp5_sc_sc_211_qlik/E_FACT_Call_Record.qvd]
2020-01-08 00:46:21 0084 (qvd)
2020-01-08 00:46:22      	1 fields found: Call Record Id, 
2020-01-08 00:46:22      703,544 lines fetched
2020-01-08 00:46:22      Joining/Keeping
2020-01-08 01:29:13 0015 Call_Record_Answer_Group:
2020-01-08 01:29:13 0016 LOAD DISTINCT 
2020-01-08 01:29:13 0017  	provider_id,
2020-01-08 01:29:13 0018     visibility_group_id
2020-01-08 01:29:13 0019 RESIDENT USER_GROUP
2020-01-08 01:29:13      	2 fields found: provider_id, visibility_group_id, 
2020-01-08 01:29:13      69,676 lines fetched
2020-01-08 01:29:14 0007 Call_Record_Answer_tmp:
2020-01-08 01:29:14 0008 LOAD
2020-01-08 01:29:14 0009     call_answer_id,
2020-01-08 01:29:14 0010     active,
2020-01-08 01:29:14 0011 	call_record_id
2020-01-08 01:29:14 0012 FROM [lib://SPData_Beta/Extract/sp5_sc_sc_211_qlik/E_SP5_SC_SC_211_QLIK_CALL_ANSWER.qvd]
2020-01-08 01:29:14 0013 (qvd)
2020-01-08 01:29:14 0014 WHERE num(date_effective) >= '42005'
2020-01-08 01:29:33      	3 fields found: call_answer_id, active, call_record_id, 
2020-01-08 01:29:33      11,543,492 lines fetched
2020-01-08 01:29:33 0016 Call_Record_Answer:
2020-01-08 01:29:33 0017 NOCONCATENATE
2020-01-08 01:29:33 0018 LOAD
2020-01-08 01:29:33 0019 	call_answer_id,
2020-01-08 01:29:33 0020 	call_record_id
2020-01-08 01:29:33 0021 RESIDENT Call_Record_Answer_tmp
2020-01-08 01:29:33 0022 WHERE match(active, 1)
2020-01-08 01:29:35      	2 fields found: call_answer_id, call_record_id, 
2020-01-08 01:29:35      11,543,492 lines fetched
2020-01-08 01:29:36 0024 DROP TABLE Call_Record_Answer_tmp
2020-01-08 01:29:36 0026 INNER JOIN (Call_Record_Answer)
2020-01-08 01:29:36 0027 LOAD
2020-01-08 01:29:36 0028     call_answer_id,
2020-01-08 01:29:36 0029     visibility_group_id,
2020-01-08 01:29:36 0030     visible
2020-01-08 01:29:36 0031 FROM [lib://SPData_Beta/Extract/sp5_sc_sc_211_qlik/E_SP5_SC_SC_211_QLIK_SP_CALL_ANSWERVISIBILITY.qvd]
2020-01-08 01:29:36 0032 (qvd)
2020-01-08 01:29:42      	3 fields found: call_answer_id, visibility_group_id, visible, 
2020-01-08 01:29:42      9,134,218 lines fetched
2020-01-08 01:29:42      Joining/Keeping
2020-01-08 01:29:45 0034 Call_Record_Answer_visibility:
2020-01-08 01:29:45 0035 LEFT JOIN (Call_Record_Answer_Group)
2020-01-08 01:29:45 0036 LOAD DISTINCT
2020-01-08 01:29:45 0037     visibility_group_id,
2020-01-08 01:29:45 0038     visible,
2020-01-08 01:29:45 0039     call_record_id,
2020-01-08 01:29:45 0040 	call_answer_id
2020-01-08 01:29:45 0041 RESIDENT Call_Record_Answer
2020-01-08 01:29:47      	4 fields found: visibility_group_id, visible, call_record_id, call_answer_id, 
2020-01-08 01:29:47      2,507,461 lines fetched
2020-01-08 01:29:47      Joining/Keeping
2020-01-08 02:10:36 0043 DROP TABLE Call_Record_Answer
2020-01-08 02:15:14 0045 Visible:
2020-01-08 02:15:14 0046 Load DISTINCT
2020-01-08 02:15:14 0047 	provider_id,
2020-01-08 02:15:14 0048     call_answer_id,
2020-01-08 02:15:14 0049     1 AS Visible,
2020-01-08 02:15:14 0050 	call_record_id
2020-01-08 02:15:14 0051 RESIDENT Call_Record_Answer_Group
2020-01-08 02:15:14 0052 WHERE visible = 1
