2019-12-16 23:37:16      Execution started.
2019-12-16 23:37:16      Qlik Sense Server Version     12.334.4
2019-12-16 23:37:16      CPU Target                    x64
2019-12-16 23:37:16      Operating System              Windows Server 2012 R2 Standard  (64 bit edition)
2019-12-16 23:37:16      Wow64 mode                    Not using Wow64
2019-12-16 23:37:16      Language                      0409 English English
2019-12-16 23:37:16      Country                       USA United States United States
2019-12-16 23:37:16      MDAC Version                  6.3.9600.16384
2019-12-16 23:37:16      MDAC Full Install Version     6.3.9600.16384
2019-12-16 23:37:16      PreferredCompression          2
2019-12-16 23:37:16      EnableParallelReload          1
2019-12-16 23:37:16      ParallelizeQvdLoads           1
2019-12-16 23:37:16      AutoSaveAfterReload           0
2019-12-16 23:37:16      BackupBeforeReload            0
2019-12-16 23:37:16      EnableFlushLog                0
2019-12-16 23:37:16      UserLogfileCharset            65001
2019-12-16 23:37:16      OdbcLoginTimeout              -1
2019-12-16 23:37:16      OdbcConnectionTimeout         -1
2019-12-16 23:37:16      LongestPossibleLine           1048576
2019-12-16 23:37:16      MaxCoreMask                   -1
2019-12-16 23:37:16      WebFileTimeout                0
2019-12-16 23:37:16      WebFileUserAgent              Mozilla/5.0
2019-12-16 23:37:16      DontUseInternetCache          1
2019-12-16 23:37:16      ScriptWantsDbWrite            false
2019-12-16 23:37:16      ScriptWantsExe                false
2019-12-16 23:37:16      ICU_FOR_CHARACTER_CLASSIFICATION true
2019-12-16 23:37:16      ICU_FOR_CODE_PAGES            true
2019-12-16 23:37:16      ICU_FOR_COLLATION             true
2019-12-16 23:37:16      ICU_FOR_LOCALE_INFO           true
2019-12-16 23:37:16      ICU_FOR_SUPPORT_INFO          true
2019-12-16 23:37:16      ICU_FOR_TIME_ZONE_INFO        true
2019-12-16 23:37:16      LogFile CodePage Used:        65001
2019-12-16 23:37:16      UseMemoryFillPattern          1
2019-12-16 23:37:16      ScriptMode                    Standard (limits system access)
2019-12-16 23:37:16      SequentialThreadCount         170
2019-12-16 23:37:16      NumberOfCores (effective)     56
2019-12-16 23:37:16      ReloadCodebase                Bnf
2019-12-16 23:37:17      Reload ID                     ed6548e8-43a0-4418-be3b-2a2f733fdbd0
2019-12-16 23:37:17      Reload Executed By            UserDirectory=INTERNAL; UserId=sa_scheduler
2019-12-16 23:37:17      Process Executing             Qlik Sense Server
2019-12-16 23:37:17      Process ID                    7136
2019-12-16 23:37:17      Grpc version                  5.0.0
2019-12-16 23:37:17      Protobuf version              3.4.0
2019-12-16 23:37:17 0004 Binary [lib://Apps/d664619f-6291-4a39-b4a5-303a39c76d86]
2019-12-16 23:37:31 0009 SET vSiteName = 'sp5_sc_sc_211_qlik'
2019-12-16 23:37:31 0012 SET vSVNConnection = 'qliksense'
2019-12-16 23:37:31 0013 SET vSVNSiteFolder = 'SiteInformation'
2019-12-16 23:37:31 0014 SET vSVNFolder = 'BETA_SECURITY_TEST\Security'
2019-12-16 23:37:31 0015 SET vDBname = 'sp5_sc_sc_211_qlik'
2019-12-16 23:37:31 0014 SET vConnection = ['sp5_sc_sc_211_qlik']
2019-12-16 23:37:31 0002 LET vStartTime = now()
2019-12-16 23:37:31 0003 SET ThousandSep=','
2019-12-16 23:37:31 0002 SET DecimalSep='.'
2019-12-16 23:37:31 0003 SET MoneyThousandSep=','
2019-12-16 23:37:31 0004 SET MoneyDecimalSep='.'
2019-12-16 23:37:31 0005 SET MoneyFormat='$#,##0.00;($#,##0.00)'
2019-12-16 23:37:31 0006 SET TimeFormat='h:mm:ss TT'
2019-12-16 23:37:31 0007 SET DateFormat='M/D/YYYY'
2019-12-16 23:37:31 0008 SET TimestampFormat='M/D/YYYY h:mm:ss[.fff] TT'
2019-12-16 23:37:31 0009 SET FirstWeekDay=6
2019-12-16 23:37:31 0010 SET BrokenWeeks=1
2019-12-16 23:37:31 0011 SET ReferenceDay=0
2019-12-16 23:37:31 0012 SET FirstMonthOfYear=1
2019-12-16 23:37:31 0013 SET CollationLocale='en-US'
2019-12-16 23:37:31 0015 SET MonthNames='Jan;Feb;Mar;Apr;May;Jun;Jul;Aug;Sep;Oct;Nov;Dec'
2019-12-16 23:37:31 0016 SET LongMonthNames='January;February;March;April;May;June;July;August;September;October;November;December'
2019-12-16 23:37:31 0017 SET DayNames='Mon;Tue;Wed;Thu;Fri;Sat;Sun'
2019-12-16 23:37:31 0018 SET LongDayNames='Monday;Tuesday;Wednesday;Thursday;Friday;Saturday;Sunday'
2019-12-16 23:37:31 0025 LIB CONNECT TO 'sp5_sc_sc_211_qlik'
2019-12-16 23:37:33 0027 SET vConnection = 'SPData_Beta'
2019-12-16 23:37:33 0028 SET vQVDType = 'Extract'
2019-12-16 23:37:33 0029 LET vQVDTypePrefix = left(vQVDType, 1)
2019-12-16 23:37:33 0030 LET vFilenamePrefix = vQVDTypePrefix & '_' & upper(vDBname)
2019-12-16 23:37:33 0031 SET vQVDTransformType = 'Transform'
2019-12-16 23:37:33 0032 SET vStoreConnection = 'SPData_Beta'
2019-12-16 23:37:33 0033 SET vQVDStoreType = 'Security'
2019-12-16 23:37:33 0034 LET vStoreQVDTypePrefix = left(vQVDStoreType, 1)
2019-12-16 23:37:33 0036 LET vNumDateSet = num('2015-01-01')
2019-12-16 23:37:33 0038 LET vEntryExitDate = ('2015-01-01')
2019-12-16 23:37:33 0040 LET vCallRecordDate = ('2015-01-01')
2019-12-16 23:37:33 0004 USER:
2019-12-16 23:37:33 0005 select DISTINCT u1.username,e.user_id, p.provider_id from sp_user_eda_group e JOIN sp_eda_group_provider_tree p ON (e.eda_group_id = p.eda_group_id)
2019-12-16 23:37:33 0006 join sp_user u1 on e.user_id = u1.user_id
2019-12-16 23:37:33 0007 where u1.active = true
2019-12-16 23:37:33 0008   AND u1.username <> 'SVPDELETED'
2019-12-16 23:37:33 0009   and length(trim(u1.username)) > 0
2019-12-16 23:37:33 0010 UNION 
2019-12-16 23:37:33 0011 select DISTINCT u.username,u.user_id, u.provider_id from sp_user u
2019-12-16 23:37:33 0012 where u.active = true
2019-12-16 23:37:33 0013   AND u.username <> 'SVPDELETED'
2019-12-16 23:37:33 0014   and length(trim(u.username)) > 0
2019-12-16 23:37:35      	3 fields found: username, user_id, provider_id, 
2019-12-16 23:37:35      481,763 lines fetched
2019-12-16 23:37:35 0013 visibility_group_provider:
2019-12-16 23:37:35 0014 LEFT JOIN(USER)
2019-12-16 23:37:35 0015 LOAD
2019-12-16 23:37:35 0016     visibility_group_id,
2019-12-16 23:37:35 0017     provider_id
2019-12-16 23:37:35 0018 FROM [lib://SPData_Beta/Extract/sp5_sc_sc_211_qlik/E_SP5_SC_SC_211_QLIK_SP_VISIBILITY_GROUP_PROVIDER_TREE.qvd]
2019-12-16 23:37:35 0019 (qvd)
2019-12-16 23:37:35      	2 fields found: visibility_group_id, provider_id, 
2019-12-16 23:37:35      69,676 lines fetched
2019-12-16 23:37:35      Joining/Keeping
2019-12-16 23:37:35 0021 USER_GROUP:
2019-12-16 23:37:35 0022 LOAD Distinct
2019-12-16 23:37:35 0023 	user_id,
2019-12-16 23:37:35 0024 	UPPER('ICOUNT' & '\' & username & '_' & user_id & '_' & provider_id) AS USERID,
2019-12-16 23:37:35 0025 	
2019-12-16 23:37:35 0026     provider_id,
2019-12-16 23:37:35 0027     visibility_group_id
2019-12-16 23:37:35 0028 RESIDENT USER
2019-12-16 23:37:38      	4 fields found: user_id, USERID, provider_id, visibility_group_id, 
2019-12-16 23:37:38      2,159,945 lines fetched
2019-12-16 23:37:39 0029 DROP TABLE USER
2019-12-16 23:37:39 0005 RECENT_CLIENT_tmp:
2019-12-16 23:37:39 0006 SELECT DISTINCT ee.client_id FROM sp_entry_exit ee
2019-12-16 23:37:39 0007   WHERE ((ee.exit_date IS NULL) OR (ee.exit_date >= '01/01/2015'))
2019-12-16 23:37:39 0008 UNION
2019-12-16 23:37:39 0009 SELECT distinct srv.client_id FROM sp_need_service srv
2019-12-16 23:37:39 0010   where (srv.client_id IS NOT NULL) AND
2019-12-16 23:37:39 0011         ((srv.provide_start_date >= '01/01/2015')
2019-12-16 23:37:39 0012           OR (srv.provide_end_date >= '01/01/2015')
2019-12-16 23:37:39 0013           OR ((srv.provide_end_date IS NULL) AND (srv.shelter_item = TRUE))
2019-12-16 23:37:39 0014           OR (srv.refer_date >= '01/01/2015')
2019-12-16 23:37:39 0015         )
2019-12-16 23:37:39 0016 UNION
2019-12-16 23:37:39 0017 SELECT DISTINCT n.client_id FROM sp_need n WHERE (n.client_id IS NOT NULL) and (n.date_set >= '01/01/2015')
2019-12-16 23:37:39 0018 UNION
2019-12-16 23:37:39 0019 SELECT DISTINCT g.client_id FROM sp_goal g WHERE (g.date_set >= '01/01/2015')
2019-12-16 23:37:39 0020 UNION
2019-12-16 23:37:39 0021 SELECT DISTINCT g.client_id FROM sp_goal_actionstep g WHERE (g.date_set >= '01/01/2015')
2019-12-16 23:37:39 0022 UNION
2019-12-16 23:37:39 0023 SELECT DISTINCT a.client_id FROM da_answer a WHERE (a.date_effective >= '01/01/2015')
2019-12-16 23:37:39 0024 UNION
2019-12-16 23:37:39 0025 SELECT DISTINCT a.client_id FROM da_recordset a WHERE (a.date_effective >= '01/01/2015')
2019-12-16 23:37:39 0026 UNION
2019-12-16 23:37:39 0027 SELECT DISTINCT c.client_id FROM sp_call_record c 
2019-12-16 23:37:39 0028   WHERE (c.client_id IS NOT NULL) AND ((c.end_date IS NULL) OR (c.end_date >= '01/01/2015'))
2019-12-16 23:37:47      	1 fields found: client_id, 
2019-12-16 23:37:47      149,086 lines fetched
2019-12-16 23:37:47 0006 Client_Group:
2019-12-16 23:37:47 0007 LOAD DISTINCT 
2019-12-16 23:37:47 0008  	provider_id,
2019-12-16 23:37:47 0009     visibility_group_id
2019-12-16 23:37:47 0010 RESIDENT USER_GROUP
2019-12-16 23:37:48      	2 fields found: provider_id, visibility_group_id, 
2019-12-16 23:37:48      69,676 lines fetched
2019-12-16 23:37:48 0009 Client_tmp:
2019-12-16 23:37:48 0010 LOAD
2019-12-16 23:37:48 0011     client_id,
2019-12-16 23:37:48 0012     active
2019-12-16 23:37:48 0013 FROM [lib://SPData_Beta/Extract/sp5_sc_sc_211_qlik/E_SP5_SC_SC_211_QLIK_SP_CLIENT.qvd]
2019-12-16 23:37:48 0014 (qvd)
2019-12-16 23:37:48      	2 fields found: client_id, active, 
2019-12-16 23:37:48      318,523 lines fetched
2019-12-16 23:37:48 0016 Client:
2019-12-16 23:37:48 0017 NOCONCATENATE
2019-12-16 23:37:48 0018 LOAD
2019-12-16 23:37:48 0019 	client_id
2019-12-16 23:37:48 0020 RESIDENT Client_tmp
2019-12-16 23:37:48 0021 WHERE match(active, 1)
2019-12-16 23:37:48      	1 fields found: client_id, 
2019-12-16 23:37:48      284,186 lines fetched
2019-12-16 23:37:49 0023 DROP TABLE Client_tmp
2019-12-16 23:37:49 0026 keep_only_recent_clients_tmp:
2019-12-16 23:37:49 0027 INNER JOIN (Client)
2019-12-16 23:37:49 0028 LOAD
2019-12-16 23:37:49 0029 	client_id
2019-12-16 23:37:49 0030 RESIDENT RECENT_CLIENT_tmp
2019-12-16 23:37:49      	1 fields found: client_id, 
2019-12-16 23:37:49      149,086 lines fetched
2019-12-16 23:37:49      Joining/Keeping
2019-12-16 23:37:49 0034 client_visibility_tmp:
2019-12-16 23:37:49 0035 INNER JOIN (Client)
2019-12-16 23:37:49 0036 LOAD
2019-12-16 23:37:49 0037 
2019-12-16 23:37:49 0038     client_id,
2019-12-16 23:37:49 0039     visibility_group_id,
2019-12-16 23:37:49 0040     visible
2019-12-16 23:37:49 0041 FROM [lib://SPData_Beta/Extract/sp5_sc_sc_211_qlik/E_SP5_SC_SC_211_QLIK_SP_CLIENTVISIBILITY.qvd]
2019-12-16 23:37:49 0042 (qvd)
2019-12-16 23:37:49      	3 fields found: client_id, visibility_group_id, visible, 
2019-12-16 23:37:49      475,919 lines fetched
2019-12-16 23:37:49      Joining/Keeping
2019-12-16 23:37:49 0044 Client_visibility:
2019-12-16 23:37:49 0045 LEFT JOIN (Client_Group)
2019-12-16 23:37:49 0046 LOAD DISTINCT
2019-12-16 23:37:49 0047     visibility_group_id,
2019-12-16 23:37:49 0048     visible,
2019-12-16 23:37:49 0049     client_id
2019-12-16 23:37:49 0050 RESIDENT Client
2019-12-16 23:37:49      	3 fields found: visibility_group_id, visible, client_id, 
2019-12-16 23:37:49      172,025 lines fetched
2019-12-16 23:37:49      Joining/Keeping
2019-12-16 23:39:32 0052 DROP TABLE Client
2019-12-16 23:39:35 0054 Visible:
2019-12-16 23:39:35 0055 Load DISTINCT
2019-12-16 23:39:35 0056 	provider_id,
2019-12-16 23:39:35 0057     client_id,
2019-12-16 23:39:35 0058     1 AS Visible
2019-12-16 23:39:35 0059 RESIDENT Client_Group
2019-12-16 23:39:35 0060 WHERE visible = 1
2019-12-16 23:45:34      	3 fields found: provider_id, client_id, Visible, 
2019-12-16 23:45:34      2,134,667,579 lines fetched
2019-12-16 23:45:34 0062 not_Visible:
2019-12-16 23:45:34 0063 LEFT JOIN(Visible)
2019-12-16 23:45:34 0064 Load DISTINCT
2019-12-16 23:45:34 0065 	provider_id,
2019-12-16 23:45:34 0066     client_id,
2019-12-16 23:45:34 0067     1 AS not_Visible
2019-12-16 23:45:34 0068 RESIDENT Client_Group
2019-12-16 23:45:34 0069 WHERE visible = 0
2019-12-17 00:09:57      	3 fields found: provider_id, client_id, not_Visible, 
2019-12-17 00:09:57      27,984 lines fetched
2019-12-17 00:09:57      Joining/Keeping
2019-12-17 00:14:43 0071 DROP TABLE Client_Group
2019-12-17 00:14:44 0073 client_visibility:
2019-12-17 00:14:44 0074 NOCONCATENATE
2019-12-17 00:14:44 0075 LOAD DISTINCT
2019-12-17 00:14:44 0076 	provider_id,
2019-12-17 00:14:44 0077 	client_id AS [Client Id]
2019-12-17 00:14:44 0078 RESIDENT Visible
2019-12-17 00:14:44 0079 WHERE match(Visible, 1)  AND isNull(not_Visible)
2019-12-17 00:20:50      	2 fields found: provider_id, Client Id, 
2019-12-17 00:20:50      2,134,639,595 lines fetched
2019-12-17 00:20:51 0081 DROP TABLE Visible
2019-12-17 00:20:52 0083 client_tmp:
2019-12-17 00:20:52 0084 LEFT JOIN(client_visibility)
2019-12-17 00:20:52 0085 LOAD
2019-12-17 00:20:52 0086     [Client Id],
2019-12-17 00:20:52 0087     [Client Provider Created By Id]
2019-12-17 00:20:52 0088 FROM [lib://SPData_Beta/Transform/sp5_sc_sc_211_qlik/E_DIM_Client.qvd]
2019-12-17 00:20:52 0089 (qvd)
2019-12-17 00:20:53      	2 fields found: Client Id, Client Provider Created By Id, 
2019-12-17 00:20:53      995,858 lines fetched
2019-12-17 00:20:53      Joining/Keeping
2019-12-17 00:30:53 0007 Entry_Exit_Group:
2019-12-17 00:30:53 0008 LOAD DISTINCT 
2019-12-17 00:30:53 0009  	provider_id,
2019-12-17 00:30:53 0010     visibility_group_id
2019-12-17 00:30:53 0011 RESIDENT USER_GROUP
2019-12-17 00:30:53      	2 fields found: provider_id, visibility_group_id, 
2019-12-17 00:30:53      69,676 lines fetched
2019-12-17 00:30:54 0007 Entry_Exit_tmp:
2019-12-17 00:30:54 0008 LOAD
2019-12-17 00:30:54 0009     entry_exit_id,
2019-12-17 00:30:54 0010     active
2019-12-17 00:30:54 0011 FROM [lib://SPData_Beta/Extract/sp5_sc_sc_211_qlik/E_SP5_SC_SC_211_QLIK_SP_ENTRY_EXIT.qvd]
2019-12-17 00:30:54 0012 (qvd)
2019-12-17 00:30:54 0013 WHERE (isNull(num(exit_date)) OR (num(exit_date) >= '42005')) AND (covered_by_roi = 1)
2019-12-17 00:30:54      	2 fields found: entry_exit_id, active, 
2019-12-17 00:30:54      200,249 lines fetched
2019-12-17 00:30:54 0015 Entry_Exit:
2019-12-17 00:30:54 0016 NOCONCATENATE
2019-12-17 00:30:54 0017 LOAD
2019-12-17 00:30:54 0018 	entry_exit_id
2019-12-17 00:30:54 0019 RESIDENT Entry_Exit_tmp
2019-12-17 00:30:54 0020 WHERE match(active, 1)
2019-12-17 00:30:54      	1 fields found: entry_exit_id, 
2019-12-17 00:30:54      200,249 lines fetched
2019-12-17 00:30:54 0022 DROP TABLE Entry_Exit_tmp
2019-12-17 00:30:54 0025 enrty_exit_visibility_tmp:
2019-12-17 00:30:54 0026 INNER JOIN (Entry_Exit)
2019-12-17 00:30:54 0027 LOAD
2019-12-17 00:30:54 0028     entry_exit_id,
2019-12-17 00:30:54 0029     visibility_group_id,
2019-12-17 00:30:54 0030     visible
2019-12-17 00:30:54 0031 FROM [lib://SPData_Beta/Extract/sp5_sc_sc_211_qlik/E_SP5_SC_SC_211_QLIK_SP_ENTRY_EXITVISIBILITY.qvd]
2019-12-17 00:30:54 0032 (qvd)
2019-12-17 00:30:55      	3 fields found: entry_exit_id, visibility_group_id, visible, 
2019-12-17 00:30:55      900,759 lines fetched
2019-12-17 00:30:55      Joining/Keeping
2019-12-17 00:30:55 0034 Entry_Exit_visibility:
2019-12-17 00:30:55 0035 LEFT JOIN (Entry_Exit_Group)
2019-12-17 00:30:55 0036 LOAD DISTINCT
2019-12-17 00:30:55 0037     visibility_group_id,
2019-12-17 00:30:55 0038     visible,
2019-12-17 00:30:55 0039     entry_exit_id
2019-12-17 00:30:55 0040 RESIDENT Entry_Exit
2019-12-17 00:30:55      	3 fields found: visibility_group_id, visible, entry_exit_id, 
2019-12-17 00:30:55      309,485 lines fetched
2019-12-17 00:30:55      Joining/Keeping
2019-12-17 00:32:52 0042 DROP TABLE Entry_Exit
2019-12-17 00:32:56 0044 Visible:
2019-12-17 00:32:56 0045 Load DISTINCT
2019-12-17 00:32:56 0046 	provider_id,
2019-12-17 00:32:56 0047     entry_exit_id,
2019-12-17 00:32:56 0048     1 AS Visible
2019-12-17 00:32:56 0049 RESIDENT Entry_Exit_Group
2019-12-17 00:32:56 0050 WHERE visible = 1
2019-12-17 00:38:06      	3 fields found: provider_id, entry_exit_id, Visible, 
2019-12-17 00:38:06      2,184,676,559 lines fetched
2019-12-17 00:38:06 0052 not_Visible:
2019-12-17 00:38:06 0053 LEFT JOIN(Visible)
2019-12-17 00:38:06 0054 Load DISTINCT
2019-12-17 00:38:06 0055 	provider_id,
2019-12-17 00:38:06 0056     entry_exit_id,
2019-12-17 00:38:06 0057     1 AS not_Visible
2019-12-17 00:38:06 0058 RESIDENT Entry_Exit_Group
2019-12-17 00:38:06 0059 WHERE visible = 0
2019-12-17 01:02:38      	3 fields found: provider_id, entry_exit_id, not_Visible, 
2019-12-17 01:02:38      2,584 lines fetched
2019-12-17 01:02:38      Joining/Keeping
2019-12-17 01:08:17 0061 DROP TABLE Entry_Exit_Group
2019-12-17 01:08:20 0063 Entry_Exit_visibility:
2019-12-17 01:08:20 0064 NOCONCATENATE
2019-12-17 01:08:20 0065 LOAD DISTINCT
2019-12-17 01:08:20 0066 	provider_id,
2019-12-17 01:08:20 0067 	entry_exit_id AS [Entry Exit Id]
2019-12-17 01:08:20 0068 RESIDENT Visible
2019-12-17 01:08:20 0069 WHERE match(Visible, 1)  AND isNull(not_Visible)
2019-12-17 01:13:30      	2 fields found: provider_id, Entry Exit Id, 
2019-12-17 01:13:30      2,184,675,357 lines fetched
2019-12-17 01:13:30 0071 DROP TABLE Visible
2019-12-17 01:13:32 0074 LEFT JOIN(Entry_Exit_visibility)
2019-12-17 01:13:32 0075 LOAD
2019-12-17 01:13:32 0076     [Entry Exit Id],
2019-12-17 01:13:32 0077     [Entry Exit Provider Created By Id],
2019-12-17 01:13:32 0078 	%EEClientId
2019-12-17 01:13:32 0079 FROM [lib://SPData_Beta/Transform/sp5_sc_sc_211_qlik/E_DIM_Entry_Exit.qvd]
2019-12-17 01:13:32 0080 (qvd)
2019-12-17 01:13:33      	3 fields found: Entry Exit Id, Entry Exit Provider Created By Id, %EEClientId, 
2019-12-17 01:13:33      2,341,505 lines fetched
2019-12-17 01:13:33      Joining/Keeping
2019-12-17 02:23:48 0008 Case_Manager_Group:
2019-12-17 02:23:48 0009 LOAD DISTINCT 
2019-12-17 02:23:48 0010  	provider_id,
2019-12-17 02:23:48 0011     visibility_group_id
2019-12-17 02:23:48 0012 RESIDENT USER_GROUP
2019-12-17 02:23:49      	2 fields found: provider_id, visibility_group_id, 
2019-12-17 02:23:49      69,676 lines fetched
2019-12-17 02:23:49 0007 Case_Manager_tmp:
2019-12-17 02:23:49 0008 LOAD
2019-12-17 02:23:49 0009     case_manager_id,
2019-12-17 02:23:49 0010     active,
2019-12-17 02:23:49 0011 	client_id
2019-12-17 02:23:49 0012 FROM [lib://SPData_Beta/Extract/sp5_sc_sc_211_qlik/E_SP5_SC_SC_211_QLIK_SP_CASE_MANAGER.qvd]
2019-12-17 02:23:49 0013 (qvd)
2019-12-17 02:23:49 0014 WHERE (isNull(num(date_ended)) OR (num(date_ended) >= '42005'))
2019-12-17 02:23:49      	3 fields found: case_manager_id, active, client_id, 
2019-12-17 02:23:49      105,065 lines fetched
2019-12-17 02:23:49 0016 Case_Manager:
2019-12-17 02:23:49 0017 NOCONCATENATE
2019-12-17 02:23:49 0018 LOAD
2019-12-17 02:23:49 0019 	case_manager_id,
2019-12-17 02:23:49 0020 	client_id
2019-12-17 02:23:49 0021 RESIDENT Case_Manager_tmp
2019-12-17 02:23:49 0022 WHERE match(active, 1)
2019-12-17 02:23:49      	2 fields found: case_manager_id, client_id, 
2019-12-17 02:23:49      105,065 lines fetched
2019-12-17 02:23:49 0024 DROP TABLE Case_Manager_tmp
2019-12-17 02:23:49 0026 INNER JOIN (Case_Manager)
2019-12-17 02:23:49 0027 LOAD
2019-12-17 02:23:49 0028     case_manager_id,
2019-12-17 02:23:49 0029     visibility_group_id,
2019-12-17 02:23:49 0030     visible
2019-12-17 02:23:49 0031 FROM [lib://SPData_Beta/Extract/sp5_sc_sc_211_qlik/E_SP5_SC_SC_211_QLIK_SP_CASE_MANAGERVISIBILITY.qvd]
2019-12-17 02:23:49 0032 (qvd)
2019-12-17 02:23:50      	3 fields found: case_manager_id, visibility_group_id, visible, 
2019-12-17 02:23:50      105,225 lines fetched
2019-12-17 02:23:50      Joining/Keeping
2019-12-17 02:23:50 0034 Case_Manager_visibility:
2019-12-17 02:23:50 0035 LEFT JOIN (Case_Manager_Group)
2019-12-17 02:23:50 0036 LOAD DISTINCT
2019-12-17 02:23:50 0037     visibility_group_id,
2019-12-17 02:23:50 0038     visible,
2019-12-17 02:23:50 0039     case_manager_id,
2019-12-17 02:23:50 0040 	client_id
2019-12-17 02:23:50 0041 RESIDENT Case_Manager
2019-12-17 02:23:50      	4 fields found: visibility_group_id, visible, case_manager_id, client_id, 
2019-12-17 02:23:50      92,862 lines fetched
2019-12-17 02:23:50      Joining/Keeping
2019-12-17 02:25:32 0043 DROP TABLE Case_Manager
2019-12-17 02:25:36 0045 Visible:
2019-12-17 02:25:36 0046 Load DISTINCT
2019-12-17 02:25:36 0047 	provider_id,
2019-12-17 02:25:36 0048     case_manager_id,
2019-12-17 02:25:36 0049     1 AS Visible,
2019-12-17 02:25:36 0050 	client_id
2019-12-17 02:25:36 0051 RESIDENT Case_Manager_Group
2019-12-17 02:25:36 0052 WHERE visible = 1
2019-12-17 02:29:49      	4 fields found: provider_id, case_manager_id, Visible, client_id, 
2019-12-17 02:29:49      1,416,201,219 lines fetched
2019-12-17 02:29:49 0054 not_Visible:
2019-12-17 02:29:49 0055 LEFT JOIN(Visible)
2019-12-17 02:29:49 0056 Load DISTINCT
2019-12-17 02:29:49 0057 	provider_id,
2019-12-17 02:29:49 0058     case_manager_id,
2019-12-17 02:29:49 0059     1 AS not_Visible,
2019-12-17 02:29:49 0060 	client_id
2019-12-17 02:29:49 0061 RESIDENT Case_Manager_Group
2019-12-17 02:29:49 0062 WHERE visible = 0
2019-12-17 02:45:26      	4 fields found: provider_id, case_manager_id, not_Visible, client_id, 
2019-12-17 02:45:26      149 lines fetched
2019-12-17 02:45:26      Joining/Keeping
2019-12-17 02:50:15 0064 DROP TABLE Case_Manager_Group
2019-12-17 02:50:18 0066 Case_Manager_visibility:
2019-12-17 02:50:18 0067 NOCONCATENATE
2019-12-17 02:50:18 0068 LOAD DISTINCT
2019-12-17 02:50:18 0069 	provider_id,
2019-12-17 02:50:18 0070 	case_manager_id AS [Case Manager Id],
2019-12-17 02:50:18 0071 	client_id AS %casemanagerclientid
2019-12-17 02:50:18 0072 RESIDENT Visible
2019-12-17 02:50:18 0073 WHERE match(Visible, 1)  AND isNull(not_Visible)
2019-12-17 02:54:16      	3 fields found: provider_id, Case Manager Id, %casemanagerclientid, 
2019-12-17 02:54:16      1,416,201,125 lines fetched
2019-12-17 02:54:16 0075 DROP TABLE Visible
2019-12-17 02:54:17 0077 Case_Manager_visibility_tmp:
2019-12-17 02:54:17 0078 LEFT JOIN(Case_Manager_visibility)
2019-12-17 02:54:17 0079 LOAD
2019-12-17 02:54:17 0080     [Case Manager Id]
2019-12-17 02:54:17 0081 RESIDENt DIM_Case_Manager
2019-12-17 02:54:17      	1 fields found: Case Manager Id, 
2019-12-17 02:54:17      105,065 lines fetched
2019-12-17 02:54:17      Joining/Keeping
2019-12-17 03:01:09 0009 Goal_Group:
2019-12-17 03:01:09 0010 LOAD DISTINCT 
2019-12-17 03:01:09 0011  	provider_id,
2019-12-17 03:01:09 0012     visibility_group_id
2019-12-17 03:01:09 0013 RESIDENT USER_GROUP
2019-12-17 03:01:09      	2 fields found: provider_id, visibility_group_id, 
2019-12-17 03:01:09      69,676 lines fetched
2019-12-17 03:01:10 0007 Goal_tmp:
2019-12-17 03:01:10 0008 LOAD
2019-12-17 03:01:10 0009     goal_id,
2019-12-17 03:01:10 0010     active,
2019-12-17 03:01:10 0011 	client_id
2019-12-17 03:01:10 0012 FROM [lib://SPData_Beta/Extract/sp5_sc_sc_211_qlik/E_SP5_SC_SC_211_QLIK_SP_GOAL.qvd]
2019-12-17 03:01:10 0013 (qvd)
2019-12-17 03:01:10 0014 WHERE num(date_set) >= '42005'
2019-12-17 03:01:10      	3 fields found: goal_id, active, client_id, 
2019-12-17 03:01:10      37,489 lines fetched
2019-12-17 03:01:10 0016 Goal:
2019-12-17 03:01:10 0017 NOCONCATENATE
2019-12-17 03:01:10 0018 LOAD
2019-12-17 03:01:10 0019 	goal_id,
2019-12-17 03:01:10 0020 	client_id
2019-12-17 03:01:10 0021 RESIDENT Goal_tmp
2019-12-17 03:01:10 0022 WHERE match(active, 1)
2019-12-17 03:01:10      	2 fields found: goal_id, client_id, 
2019-12-17 03:01:10      37,489 lines fetched
2019-12-17 03:01:10 0024 DROP TABLE Goal_tmp
2019-12-17 03:01:10 0026 INNER JOIN (Goal)
2019-12-17 03:01:10 0027 LOAD
2019-12-17 03:01:10 0028     goal_id,
2019-12-17 03:01:10 0029     visibility_group_id,
2019-12-17 03:01:10 0030     visible
2019-12-17 03:01:10 0031 FROM [lib://SPData_Beta/Extract/sp5_sc_sc_211_qlik/E_SP5_SC_SC_211_QLIK_SP_GOALVISIBILITY.qvd]
2019-12-17 03:01:10 0032 (qvd)
2019-12-17 03:01:10      	3 fields found: goal_id, visibility_group_id, visible, 
2019-12-17 03:01:10      44,366 lines fetched
2019-12-17 03:01:10      Joining/Keeping
2019-12-17 03:01:10 0034 Goal_visibility:
2019-12-17 03:01:10 0035 LEFT JOIN (Goal_Group)
2019-12-17 03:01:10 0036 LOAD DISTINCT
2019-12-17 03:01:10 0037     visibility_group_id,
2019-12-17 03:01:10 0038     visible,
2019-12-17 03:01:10 0039     goal_id,
2019-12-17 03:01:10 0040 	client_id
2019-12-17 03:01:10 0041 RESIDENT Goal
2019-12-17 03:01:10      	4 fields found: visibility_group_id, visible, goal_id, client_id, 
2019-12-17 03:01:10      11,274 lines fetched
2019-12-17 03:01:10      Joining/Keeping
2019-12-17 03:01:13 0043 DROP TABLE Goal
2019-12-17 03:01:13 0045 Visible:
2019-12-17 03:01:13 0046 Load DISTINCT
2019-12-17 03:01:13 0047 	provider_id,
2019-12-17 03:01:13 0048     goal_id,
2019-12-17 03:01:13 0049     1 AS Visible,
2019-12-17 03:01:13 0050 	client_id
2019-12-17 03:01:13 0051 RESIDENT Goal_Group
2019-12-17 03:01:13 0052 WHERE visible = 1
2019-12-17 03:01:21      	4 fields found: provider_id, goal_id, Visible, client_id, 
2019-12-17 03:01:21      31,513,204 lines fetched
2019-12-17 03:01:21 0054 not_Visible:
2019-12-17 03:01:21 0055 LEFT JOIN(Visible)
2019-12-17 03:01:21 0056 Load DISTINCT
2019-12-17 03:01:21 0057 	provider_id,
2019-12-17 03:01:21 0058     goal_id,
2019-12-17 03:01:21 0059     1 AS not_Visible,
2019-12-17 03:01:21 0060 	client_id
2019-12-17 03:01:21 0061 RESIDENT Goal_Group
2019-12-17 03:01:21 0062 WHERE visible = 0
2019-12-17 03:01:42      	4 fields found: provider_id, goal_id, not_Visible, client_id, 
2019-12-17 03:01:42      1 lines fetched
2019-12-17 03:01:42      Joining/Keeping
2019-12-17 03:01:51 0064 DROP TABLE Goal_Group
2019-12-17 03:01:51 0066 Goal_visibility:
2019-12-17 03:01:51 0067 NOCONCATENATE
2019-12-17 03:01:51 0068 LOAD DISTINCT
2019-12-17 03:01:51 0069 	provider_id,
2019-12-17 03:01:51 0070 	goal_id AS [Goal Id],
2019-12-17 03:01:51 0071 	client_id AS %goalclientid
2019-12-17 03:01:51 0072 RESIDENT Visible
2019-12-17 03:01:51 0073 WHERE match(Visible, 1)  AND isNull(not_Visible)
2019-12-17 03:01:57      	3 fields found: provider_id, Goal Id, %goalclientid, 
2019-12-17 03:01:57      31,513,204 lines fetched
2019-12-17 03:01:57 0075 DROP TABLE Visible
2019-12-17 03:01:57 0077 Goal_visibility_tmp:
2019-12-17 03:01:57 0078 LEFT JOIN(Goal_visibility)
2019-12-17 03:01:57 0079 LOAD
2019-12-17 03:01:57 0080     [Goal Id]
2019-12-17 03:01:57 0081 RESIDENt DIM_Goal
2019-12-17 03:01:57      	1 fields found: Goal Id, 
2019-12-17 03:01:57      37,489 lines fetched
2019-12-17 03:01:57      Joining/Keeping
2019-12-17 03:02:07 0010 Goal_Actionstep_Group:
2019-12-17 03:02:07 0011 LOAD DISTINCT 
2019-12-17 03:02:07 0012  	provider_id,
2019-12-17 03:02:07 0013     visibility_group_id
2019-12-17 03:02:07 0014 RESIDENT USER_GROUP
2019-12-17 03:02:08      	2 fields found: provider_id, visibility_group_id, 
2019-12-17 03:02:08      69,676 lines fetched
2019-12-17 03:02:08 0007 Goal_Actionstep_tmp:
2019-12-17 03:02:08 0008 LOAD
2019-12-17 03:02:08 0009     goal_actionstep_id,
2019-12-17 03:02:08 0010     active,
2019-12-17 03:02:08 0011 	goal_id
2019-12-17 03:02:08 0012 FROM [lib://SPData_Beta/Extract/sp5_sc_sc_211_qlik/E_SP5_SC_SC_211_QLIK_SP_GOAL_ACTIONSTEP.qvd]
2019-12-17 03:02:08 0013 (qvd)
2019-12-17 03:02:08 0014 WHERE num(date_set) >= '42005'
2019-12-17 03:02:08      	3 fields found: goal_actionstep_id, active, goal_id, 
2019-12-17 03:02:08      4,269 lines fetched
2019-12-17 03:02:08 0016 Goal_Actionstep:
2019-12-17 03:02:08 0017 NOCONCATENATE
2019-12-17 03:02:08 0018 LOAD
2019-12-17 03:02:08 0019 	goal_actionstep_id,
2019-12-17 03:02:08 0020 	goal_id
2019-12-17 03:02:08 0021 RESIDENT Goal_Actionstep_tmp
2019-12-17 03:02:08 0022 WHERE match(active, 1)
2019-12-17 03:02:08      	2 fields found: goal_actionstep_id, goal_id, 
2019-12-17 03:02:08      4,269 lines fetched
2019-12-17 03:02:08 0024 DROP TABLE Goal_Actionstep_tmp
2019-12-17 03:02:08 0026 INNER JOIN (Goal_Actionstep)
2019-12-17 03:02:08 0027 LOAD
2019-12-17 03:02:08 0028     goal_actionstep_id,
2019-12-17 03:02:08 0029     visibility_group_id,
2019-12-17 03:02:08 0030     visible
2019-12-17 03:02:08 0031 FROM [lib://SPData_Beta/Extract/sp5_sc_sc_211_qlik/E_SP5_SC_SC_211_QLIK_SP_GOAL_ACTIONSTEPVISIBILITY.qvd]
2019-12-17 03:02:08 0032 (qvd)
2019-12-17 03:02:08      	3 fields found: goal_actionstep_id, visibility_group_id, visible, 
2019-12-17 03:02:08      3,485 lines fetched
2019-12-17 03:02:08      Joining/Keeping
2019-12-17 03:02:08 0034 Goal_Actionstep_visibility:
2019-12-17 03:02:08 0035 LEFT JOIN (Goal_Actionstep_Group)
2019-12-17 03:02:08 0036 LOAD DISTINCT
2019-12-17 03:02:08 0037     visibility_group_id,
2019-12-17 03:02:08 0038     visible,
2019-12-17 03:02:08 0039     goal_actionstep_id,
2019-12-17 03:02:08 0040 	goal_id
2019-12-17 03:02:08 0041 RESIDENT Goal_Actionstep
2019-12-17 03:02:08      	4 fields found: visibility_group_id, visible, goal_actionstep_id, goal_id, 
2019-12-17 03:02:08      235 lines fetched
2019-12-17 03:02:08      Joining/Keeping
2019-12-17 03:02:08 0043 DROP TABLE Goal_Actionstep
2019-12-17 03:02:08 0045 Visible:
2019-12-17 03:02:08 0046 Load DISTINCT
2019-12-17 03:02:08 0047 	provider_id,
2019-12-17 03:02:08 0048     goal_actionstep_id,
2019-12-17 03:02:08 0049     1 AS Visible,
2019-12-17 03:02:08 0050 	goal_id
2019-12-17 03:02:08 0051 RESIDENT Goal_Actionstep_Group
2019-12-17 03:02:08 0052 WHERE visible = 1
2019-12-17 03:02:09      	4 fields found: provider_id, goal_actionstep_id, Visible, goal_id, 
2019-12-17 03:02:09      2,978,502 lines fetched
2019-12-17 03:02:10 0054 not_Visible:
2019-12-17 03:02:10 0055 LEFT JOIN(Visible)
2019-12-17 03:02:10 0056 Load DISTINCT
2019-12-17 03:02:10 0057 	provider_id,
2019-12-17 03:02:10 0058     goal_actionstep_id,
2019-12-17 03:02:10 0059     1 AS not_Visible,
2019-12-17 03:02:10 0060 	goal_id
2019-12-17 03:02:10 0061 RESIDENT Goal_Actionstep_Group
2019-12-17 03:02:10 0062 WHERE visible = 0
2019-12-17 03:02:12      	4 fields found: provider_id, goal_actionstep_id, not_Visible, goal_id, 
2019-12-17 03:02:12      0 lines fetched
2019-12-17 03:02:12      Joining/Keeping
2019-12-17 03:02:12 0064 DROP TABLE Goal_Actionstep_Group
2019-12-17 03:02:13 0066 Goal_Actionstep_visibility:
2019-12-17 03:02:13 0067 NOCONCATENATE
2019-12-17 03:02:13 0068 LOAD DISTINCT
2019-12-17 03:02:13 0069 	provider_id,
2019-12-17 03:02:13 0070 	goal_actionstep_id AS [Goal Actionstep Id],
2019-12-17 03:02:13 0071 	goal_id AS %goalactionstepgoalid
2019-12-17 03:02:13 0072 RESIDENT Visible
2019-12-17 03:02:13 0073 WHERE match(Visible, 1)  AND isNull(not_Visible)
2019-12-17 03:02:13      	3 fields found: provider_id, Goal Actionstep Id, %goalactionstepgoalid, 
2019-12-17 03:02:13      2,978,502 lines fetched
2019-12-17 03:02:14 0075 DROP TABLE Visible
2019-12-17 03:02:14 0077 Goal_Actionstep_visibility_tmp:
2019-12-17 03:02:14 0078 LEFT JOIN(Goal_Actionstep_visibility)
2019-12-17 03:02:14 0079 LOAD
2019-12-17 03:02:14 0080     [Goal Actionstep Id]
2019-12-17 03:02:14 0081 RESIDENt DIM_Goal_Actionstep
2019-12-17 03:02:14      	1 fields found: Goal Actionstep Id, 
2019-12-17 03:02:14      4,269 lines fetched
2019-12-17 03:02:14      Joining/Keeping
2019-12-17 03:02:15 0011 Need_Group:
2019-12-17 03:02:15 0012 LOAD DISTINCT 
2019-12-17 03:02:15 0013  	provider_id,
2019-12-17 03:02:15 0014     visibility_group_id
2019-12-17 03:02:15 0015 RESIDENT USER_GROUP
2019-12-17 03:02:15      	2 fields found: provider_id, visibility_group_id, 
2019-12-17 03:02:15      69,676 lines fetched
2019-12-17 03:02:16 0007 Need_tmp:
2019-12-17 03:02:16 0008 LOAD
2019-12-17 03:02:16 0009     need_id,
2019-12-17 03:02:16 0010     active,
2019-12-17 03:02:16 0011 	client_id
2019-12-17 03:02:16 0012 FROM [lib://SPData_Beta/Extract/sp5_sc_sc_211_qlik/E_SP5_SC_SC_211_QLIK_SP_NEED.qvd]
2019-12-17 03:02:16 0013 (qvd)
2019-12-17 03:02:16 0014 WHERE num(date_set) >= '42005'
2019-12-17 03:02:18      	3 fields found: need_id, active, client_id, 
2019-12-17 03:02:18      1,416,360 lines fetched
2019-12-17 03:02:18 0016 Need:
2019-12-17 03:02:18 0017 NOCONCATENATE
2019-12-17 03:02:18 0018 LOAD
2019-12-17 03:02:18 0019 	need_id,
2019-12-17 03:02:18 0020 	client_id
2019-12-17 03:02:18 0021 RESIDENT Need_tmp
2019-12-17 03:02:18 0022 WHERE match(active, 1)
2019-12-17 03:02:18      	2 fields found: need_id, client_id, 
2019-12-17 03:02:18      1,416,360 lines fetched
2019-12-17 03:02:19 0024 DROP TABLE Need_tmp
2019-12-17 03:02:19 0026 INNER JOIN (Need)
2019-12-17 03:02:19 0027 LOAD
2019-12-17 03:02:19 0028     need_id,
2019-12-17 03:02:19 0029     visibility_group_id,
2019-12-17 03:02:19 0030     visible
2019-12-17 03:02:19 0031 FROM [lib://SPData_Beta/Extract/sp5_sc_sc_211_qlik/E_SP5_SC_SC_211_QLIK_SP_NEEDVISIBILITY.qvd]
2019-12-17 03:02:19 0032 (qvd)
2019-12-17 03:02:20      	3 fields found: need_id, visibility_group_id, visible, 
2019-12-17 03:02:20      3,892,113 lines fetched
2019-12-17 03:02:20      Joining/Keeping
2019-12-17 03:02:21 0034 Need_visibility:
2019-12-17 03:02:21 0035 LEFT JOIN (Need_Group)
2019-12-17 03:02:21 0036 LOAD DISTINCT
2019-12-17 03:02:21 0037     visibility_group_id,
2019-12-17 03:02:21 0038     visible,
2019-12-17 03:02:21 0039     need_id,
2019-12-17 03:02:21 0040 	client_id
2019-12-17 03:02:21 0041 RESIDENT Need
2019-12-17 03:02:22      	4 fields found: visibility_group_id, visible, need_id, client_id, 
2019-12-17 03:02:22      1,408,870 lines fetched
2019-12-17 03:02:22      Joining/Keeping
2019-12-17 03:21:36 0043 DROP TABLE Need
2019-12-17 03:22:02 0045 Visible:
2019-12-17 03:22:02 0046 Load DISTINCT
2019-12-17 03:22:02 0047 	provider_id,
2019-12-17 03:22:02 0048     need_id,
2019-12-17 03:22:02 0049     1 AS Visible,
2019-12-17 03:22:02 0050 	client_id
2019-12-17 03:22:02 0051 RESIDENT Need_Group
2019-12-17 03:22:02 0052 WHERE visible = 1
2019-12-17 04:15:33      	4 fields found: provider_id, need_id, Visible, client_id, 
2019-12-17 04:15:33      18,953,336,907 lines fetched
2019-12-17 04:15:33 0054 not_Visible:
2019-12-17 04:15:33 0055 LEFT JOIN(Visible)
2019-12-17 04:15:33 0056 Load DISTINCT
2019-12-17 04:15:33 0057 	provider_id,
2019-12-17 04:15:33 0058     need_id,
2019-12-17 04:15:33 0059     1 AS not_Visible,
2019-12-17 04:15:33 0060 	client_id
2019-12-17 04:15:33 0061 RESIDENT Need_Group
2019-12-17 04:15:33 0062 WHERE visible = 0
2019-12-17 07:48:24      	4 fields found: provider_id, need_id, not_Visible, client_id, 
2019-12-17 07:48:24      51,342 lines fetched
2019-12-17 07:48:24      Joining/Keeping
2019-12-17 09:03:43 0064 DROP TABLE Need_Group
2019-12-17 09:04:08 0066 Need_visibility:
2019-12-17 09:04:08 0067 NOCONCATENATE
2019-12-17 09:04:08 0068 LOAD DISTINCT
2019-12-17 09:04:08 0069 	provider_id,
2019-12-17 09:04:08 0070 	need_id AS [Need Id],
2019-12-17 09:04:08 0071 	client_id AS %needclientid
2019-12-17 09:04:08 0072 RESIDENT Visible
2019-12-17 09:04:08 0073 WHERE match(Visible, 1)  AND isNull(not_Visible)
2019-12-17 09:57:57      	3 fields found: provider_id, Need Id, %needclientid, 
2019-12-17 09:57:57      18,953,285,565 lines fetched
2019-12-17 09:57:57 0075 DROP TABLE Visible
2019-12-17 09:58:15 0077 Need_visibility_tmp:
2019-12-17 09:58:15 0078 LEFT JOIN(Need_visibility)
2019-12-17 09:58:15 0079 LOAD
2019-12-17 09:58:15 0080     [Need Id]
2019-12-17 09:58:15 0081 RESIDENt FACT_Need_Service
2019-12-17 09:58:26      	1 fields found: Need Id, 
2019-12-17 09:58:26      1,877,077 lines fetched
2019-12-17 09:58:26      Joining/Keeping
2019-12-17 12:41:53 0012 Client_Infraction_Group:
2019-12-17 12:41:53 0013 LOAD DISTINCT 
2019-12-17 12:41:53 0014  	provider_id,
2019-12-17 12:41:53 0015     visibility_group_id
2019-12-17 12:41:53 0016 RESIDENT USER_GROUP
2019-12-17 12:41:55      	2 fields found: provider_id, visibility_group_id, 
2019-12-17 12:41:55      69,676 lines fetched
2019-12-17 12:41:55 0007 Client_Infraction_tmp:
2019-12-17 12:41:55 0008 LOAD
2019-12-17 12:41:55 0009     client_infraction_id,
2019-12-17 12:41:55 0010     active,
2019-12-17 12:41:55 0011 	client_id
2019-12-17 12:41:55 0012 FROM [lib://SPData_Beta/Extract/sp5_sc_sc_211_qlik/E_SP5_SC_SC_211_QLIK_SP_CLIENT_INFRACTION.qvd]
2019-12-17 12:41:55 0013 (qvd)
2019-12-17 12:41:55 0014 WHERE (isNull(num(bar_end_date)) OR (num(bar_end_date) >= '42005'))
2019-12-17 12:41:55      	3 fields found: client_infraction_id, active, client_id, 
2019-12-17 12:41:55      8,382 lines fetched
2019-12-17 12:41:55 0016 Client_Infraction:
2019-12-17 12:41:55 0017 NOCONCATENATE
2019-12-17 12:41:55 0018 LOAD
2019-12-17 12:41:55 0019 	client_infraction_id,
2019-12-17 12:41:55 0020 	client_id
2019-12-17 12:41:55 0021 RESIDENT Client_Infraction_tmp
2019-12-17 12:41:55 0022 WHERE match(active, 1)
2019-12-17 12:41:55      	2 fields found: client_infraction_id, client_id, 
2019-12-17 12:41:55      8,382 lines fetched
2019-12-17 12:41:55 0024 DROP TABLE Client_Infraction_tmp
2019-12-17 12:41:55 0026 client_infraction_visibility_tmp:
2019-12-17 12:41:55 0027 INNER JOIN (Client_Infraction)
2019-12-17 12:41:55 0028 LOAD
2019-12-17 12:41:55 0029     client_infraction_id,
2019-12-17 12:41:55 0030     visibility_group_id,
2019-12-17 12:41:55 0031     visible
2019-12-17 12:41:55 0032 FROM [lib://SPData_Beta/Extract/sp5_sc_sc_211_qlik/E_SP5_SC_SC_211_QLIK_SP_CLIENT_INFRACTIONVISIBILITY.qvd]
2019-12-17 12:41:55 0033 (qvd)
2019-12-17 12:41:55      	3 fields found: client_infraction_id, visibility_group_id, visible, 
2019-12-17 12:41:55      4,349 lines fetched
2019-12-17 12:41:55      Joining/Keeping
2019-12-17 12:41:56 0036 LEFT JOIN (Client_Infraction_Group)
2019-12-17 12:41:56 0037 LOAD DISTINCT
2019-12-17 12:41:56 0038     visibility_group_id,
2019-12-17 12:41:56 0039     visible,
2019-12-17 12:41:56 0040     client_infraction_id,
2019-12-17 12:41:56 0041 	client_id
2019-12-17 12:41:56 0042 RESIDENT Client_Infraction
2019-12-17 12:41:56      	4 fields found: visibility_group_id, visible, client_infraction_id, client_id, 
2019-12-17 12:41:56      1,944 lines fetched
2019-12-17 12:41:56      Joining/Keeping
2019-12-17 12:42:00 0044 DROP TABLE Client_Infraction
2019-12-17 12:42:00 0046 Visible:
2019-12-17 12:42:00 0047 Load DISTINCT
2019-12-17 12:42:00 0048 	provider_id,
2019-12-17 12:42:00 0049     client_infraction_id,
2019-12-17 12:42:00 0050     1 AS Visible,
2019-12-17 12:42:00 0051 	client_id
2019-12-17 12:42:00 0052 RESIDENT Client_Infraction_Group
2019-12-17 12:42:00 0053 WHERE visible = 1
2019-12-17 12:42:09      	4 fields found: provider_id, client_infraction_id, Visible, client_id, 
2019-12-17 12:42:09      19,946,017 lines fetched
2019-12-17 12:42:09 0055 not_Visible:
2019-12-17 12:42:09 0056 LEFT JOIN(Visible)
2019-12-17 12:42:09 0057 Load DISTINCT
2019-12-17 12:42:09 0058 	provider_id,
2019-12-17 12:42:09 0059     client_infraction_id,
2019-12-17 12:42:09 0060     1 AS not_Visible,
2019-12-17 12:42:09 0061 	client_id
2019-12-17 12:42:09 0062 RESIDENT Client_Infraction_Group
2019-12-17 12:42:09 0063 WHERE visible = 0
2019-12-17 12:42:28      	4 fields found: provider_id, client_infraction_id, not_Visible, client_id, 
2019-12-17 12:42:28      11 lines fetched
2019-12-17 12:42:28      Joining/Keeping
2019-12-17 12:42:37 0065 DROP TABLE Client_Infraction_Group
2019-12-17 12:42:37 0067 Client_Infraction_visibility:
2019-12-17 12:42:37 0068 NOCONCATENATE
2019-12-17 12:42:37 0069 LOAD DISTINCT
2019-12-17 12:42:37 0070 	provider_id,
2019-12-17 12:42:37 0071 	client_infraction_id AS [Client Incident Id],
2019-12-17 12:42:37 0072 	client_id AS %clientinfractionclientid
2019-12-17 12:42:37 0073 RESIDENT Visible
2019-12-17 12:42:37 0074 WHERE match(Visible, 1)  AND isNull(not_Visible)
2019-12-17 12:42:44      	3 fields found: provider_id, Client Incident Id, %clientinfractionclientid, 
2019-12-17 12:42:44      19,946,008 lines fetched
2019-12-17 12:42:44 0076 DROP TABLE Visible
2019-12-17 12:42:44 0079 LEFT JOIN(Client_Infraction_visibility)
2019-12-17 12:42:44 0080 LOAD
2019-12-17 12:42:44 0081     [Client Incident Id]
2019-12-17 12:42:44 0082 RESIDENt DIM_Client_Infraction
2019-12-17 12:42:44      	1 fields found: Client Incident Id, 
2019-12-17 12:42:44      8,382 lines fetched
2019-12-17 12:42:44      Joining/Keeping
2019-12-17 12:42:57 0013 Matrix_Group_Group:
2019-12-17 12:42:57 0014 LOAD DISTINCT 
2019-12-17 12:42:57 0015  	provider_id,
2019-12-17 12:42:57 0016     visibility_group_id
2019-12-17 12:42:57 0017 RESIDENT USER_GROUP
2019-12-17 12:42:59      	2 fields found: provider_id, visibility_group_id, 
2019-12-17 12:42:59      69,676 lines fetched
2019-12-17 12:43:00 0007 Matrix_Group_tmp:
2019-12-17 12:43:00 0008 LOAD
2019-12-17 12:43:00 0009     matrix_group_id,
2019-12-17 12:43:00 0010 	client_id
2019-12-17 12:43:00 0011 FROM [lib://SPData_Beta/Extract/sp5_sc_sc_211_qlik/E_SP5_SC_SC_211_QLIK_SP_MATRIX_GROUP.qvd]
2019-12-17 12:43:00 0012 (qvd)
2019-12-17 12:43:00 0013 WHERE num(date_created) >= '42005'
2019-12-17 12:43:00      	2 fields found: matrix_group_id, client_id, 
2019-12-17 12:43:00      6,499 lines fetched
2019-12-17 12:43:00 0015 Matrix_Group:
2019-12-17 12:43:00 0016 NOCONCATENATE
2019-12-17 12:43:00 0017 LOAD
2019-12-17 12:43:00 0018 	matrix_group_id,
2019-12-17 12:43:00 0019 	client_id
2019-12-17 12:43:00 0020 RESIDENT Matrix_Group_tmp
2019-12-17 12:43:00      	2 fields found: matrix_group_id, client_id, 
2019-12-17 12:43:00      6,499 lines fetched
2019-12-17 12:43:00 0023 DROP TABLE Matrix_Group_tmp
2019-12-17 12:43:00 0025 INNER JOIN (Matrix_Group)
2019-12-17 12:43:00 0026 LOAD
2019-12-17 12:43:00 0027     matrix_group_id,
2019-12-17 12:43:00 0028     visibility_group_id,
2019-12-17 12:43:00 0029     visible
2019-12-17 12:43:00 0030 FROM [lib://SPData_Beta/Extract/sp5_sc_sc_211_qlik/E_SP5_SC_SC_211_QLIK_SP_MATRIX_GROUPVISIBILITY.qvd]
2019-12-17 12:43:00 0031 (qvd)
2019-12-17 12:43:00      	3 fields found: matrix_group_id, visibility_group_id, visible, 
2019-12-17 12:43:00      2,877 lines fetched
2019-12-17 12:43:00      Joining/Keeping
2019-12-17 12:43:01 0033 Matrix_Group_visibility:
2019-12-17 12:43:01 0034 LEFT JOIN (Matrix_Group_Group)
2019-12-17 12:43:01 0035 LOAD DISTINCT
2019-12-17 12:43:01 0036     visibility_group_id,
2019-12-17 12:43:01 0037     visible,
2019-12-17 12:43:01 0038     matrix_group_id,
2019-12-17 12:43:01 0039 	client_id
2019-12-17 12:43:01 0040 RESIDENT Matrix_Group
2019-12-17 12:43:01      	4 fields found: visibility_group_id, visible, matrix_group_id, client_id, 
2019-12-17 12:43:01      1,992 lines fetched
2019-12-17 12:43:01      Joining/Keeping
2019-12-17 12:43:10 0042 DROP TABLE Matrix_Group
2019-12-17 12:43:10 0044 Visible:
2019-12-17 12:43:10 0045 Load DISTINCT
2019-12-17 12:43:10 0046 	provider_id,
2019-12-17 12:43:10 0047     matrix_group_id,
2019-12-17 12:43:10 0048     1 AS Visible,
2019-12-17 12:43:10 0049 	client_id
2019-12-17 12:43:10 0050 RESIDENT Matrix_Group_Group
2019-12-17 12:43:10 0051 WHERE visible = 1
2019-12-17 12:43:19      	4 fields found: provider_id, matrix_group_id, Visible, client_id, 
2019-12-17 12:43:19      30,487,357 lines fetched
2019-12-17 12:43:19 0053 not_Visible:
2019-12-17 12:43:19 0054 LEFT JOIN(Visible)
2019-12-17 12:43:19 0055 Load DISTINCT
2019-12-17 12:43:19 0056 	provider_id,
2019-12-17 12:43:19 0057     matrix_group_id,
2019-12-17 12:43:19 0058     1 AS not_Visible,
2019-12-17 12:43:19 0059 	client_id
2019-12-17 12:43:19 0060 RESIDENT Matrix_Group_Group
2019-12-17 12:43:19 0061 WHERE visible = 0
2019-12-17 12:43:51      	4 fields found: provider_id, matrix_group_id, not_Visible, client_id, 
2019-12-17 12:43:51      0 lines fetched
2019-12-17 12:43:51      Joining/Keeping
2019-12-17 12:44:05 0063 DROP TABLE Matrix_Group_Group
2019-12-17 12:44:05 0065 Matrix_Group_visibility:
2019-12-17 12:44:05 0066 NOCONCATENATE
2019-12-17 12:44:05 0067 LOAD DISTINCT
2019-12-17 12:44:05 0068 	provider_id,
2019-12-17 12:44:05 0069 	matrix_group_id AS [Matrix Group Id],
2019-12-17 12:44:05 0070 	client_id AS %matrixgroupclientid
2019-12-17 12:44:05 0071 RESIDENT Visible
2019-12-17 12:44:05 0072 WHERE match(Visible, 1)  AND isNull(not_Visible)
2019-12-17 12:44:13      	3 fields found: provider_id, Matrix Group Id, %matrixgroupclientid, 
2019-12-17 12:44:13      30,487,357 lines fetched
2019-12-17 12:44:13 0074 DROP TABLE Visible
2019-12-17 12:44:14 0076 Matrix_Group_visibility_tmp:
2019-12-17 12:44:14 0077 LEFT JOIN(Matrix_Group_visibility)
2019-12-17 12:44:14 0078 LOAD
2019-12-17 12:44:14 0079     [Measurement Group Id] AS [Matrix Group Id]
2019-12-17 12:44:14 0080 RESIDENT DIM_Measurement_Answer
2019-12-17 12:44:14      	1 fields found: Matrix Group Id, 
2019-12-17 12:44:14      319,675 lines fetched
2019-12-17 12:44:14      Joining/Keeping
2019-12-17 12:46:22 0014 Call_Record_Group:
2019-12-17 12:46:22 0015 LOAD DISTINCT 
2019-12-17 12:46:22 0016  	provider_id,
2019-12-17 12:46:22 0017     visibility_group_id
2019-12-17 12:46:22 0018 RESIDENT USER_GROUP
2019-12-17 12:46:23      	2 fields found: provider_id, visibility_group_id, 
2019-12-17 12:46:23      69,676 lines fetched
2019-12-17 12:46:23 0007 Call_Record_tmp:
2019-12-17 12:46:23 0008 LOAD
2019-12-17 12:46:23 0009     call_record_id,
2019-12-17 12:46:23 0010     active,
2019-12-17 12:46:23 0011 	client_id
2019-12-17 12:46:23 0012 FROM [lib://SPData_Beta/Extract/sp5_sc_sc_211_qlik/E_SP5_SC_SC_211_QLIK_SP_CALL_RECORD.qvd]
2019-12-17 12:46:23 0013 (qvd)
2019-12-17 12:46:23 0014 WHERE (isNull(num(end_date)) OR (num(end_date) >= '42005'))
2019-12-17 12:46:25      	3 fields found: call_record_id, active, client_id, 
2019-12-17 12:46:25      703,834 lines fetched
2019-12-17 12:46:25 0016 Call_Record:
2019-12-17 12:46:25 0017 NOCONCATENATE
2019-12-17 12:46:25 0018 LOAD
2019-12-17 12:46:25 0019 	call_record_id,
2019-12-17 12:46:25 0020 	client_id
2019-12-17 12:46:25 0021 RESIDENT Call_Record_tmp
2019-12-17 12:46:25 0022 WHERE match(active, 1)
2019-12-17 12:46:25      	2 fields found: call_record_id, client_id, 
2019-12-17 12:46:25      703,834 lines fetched
2019-12-17 12:46:26 0024 DROP TABLE Call_Record_tmp
2019-12-17 12:46:26 0027 call_record_visibility_tmp:
2019-12-17 12:46:26 0028 INNER JOIN (Call_Record)
2019-12-17 12:46:26 0029 LOAD
2019-12-17 12:46:26 0030     callrecord_id AS call_record_id,
2019-12-17 12:46:26 0031     visibility_group_id,
2019-12-17 12:46:26 0032     visible
2019-12-17 12:46:26 0033 FROM [lib://SPData_Beta/Extract/sp5_sc_sc_211_qlik/E_SP5_SC_SC_211_QLIK_SP_CALLRECORDVISIBILITY.qvd]
2019-12-17 12:46:26 0034 (qvd)
2019-12-17 12:46:27      	3 fields found: call_record_id, visibility_group_id, visible, 
2019-12-17 12:46:27      1,507,520 lines fetched
2019-12-17 12:46:27      Joining/Keeping
2019-12-17 12:46:27 0036 Call_Record_visibility:
2019-12-17 12:46:27 0037 LEFT JOIN (Call_Record_Group)
2019-12-17 12:46:27 0038 LOAD DISTINCT
2019-12-17 12:46:27 0039     visibility_group_id,
2019-12-17 12:46:27 0040     visible,
2019-12-17 12:46:27 0041     call_record_id,
2019-12-17 12:46:27 0042 	client_id
2019-12-17 12:46:27 0043 RESIDENT Call_Record
2019-12-17 12:46:28      	4 fields found: visibility_group_id, visible, call_record_id, client_id, 
2019-12-17 12:46:28      641,670 lines fetched
2019-12-17 12:46:28      Joining/Keeping
2019-12-17 12:56:34 0045 DROP TABLE Call_Record
2019-12-17 12:56:43 0047 Visible:
2019-12-17 12:56:43 0048 Load DISTINCT
2019-12-17 12:56:43 0049 	provider_id,
2019-12-17 12:56:43 0050     call_record_id,
2019-12-17 12:56:43 0051     1 AS Visible,
2019-12-17 12:56:43 0052 	client_id
2019-12-17 12:56:43 0053 RESIDENT Call_Record_Group
2019-12-17 12:56:43 0054 WHERE visible = 1
2019-12-17 13:28:45      	4 fields found: provider_id, call_record_id, Visible, client_id, 
2019-12-17 13:28:45      9,864,603,318 lines fetched
2019-12-17 13:28:45 0056 not_Visible:
2019-12-17 13:28:45 0057 LEFT JOIN(Visible)
2019-12-17 13:28:45 0058 Load DISTINCT
2019-12-17 13:28:45 0059 	provider_id,
2019-12-17 13:28:45 0060     call_record_id,
2019-12-17 13:28:45 0061     1 AS not_Visible,
2019-12-17 13:28:45 0062 	client_id
2019-12-17 13:28:45 0063 RESIDENT Call_Record_Group
2019-12-17 13:28:45 0064 WHERE visible = 0
2019-12-17 15:03:20      	4 fields found: provider_id, call_record_id, not_Visible, client_id, 
2019-12-17 15:03:20      Execution Failed
2019-12-17 15:03:20      Execution finished.
